<?xml version="1.0" encoding="UTF-8" standalone="yes"?><!DOCTYPE report PUBLIC "-//JACOCO//DTD Report 1.1//EN" "report.dtd"><report name="AETHER Mission Control Simulator"><sessioninfo id="Pam-f96c9f31" start="1785352984342" dump="1785352992093"/><sessioninfo id="Pam-77ab9a8a" start="1785353230741" dump="1785353242111"/><sessioninfo id="Pam-53cc02e1" start="1785353264439" dump="1785353275634"/><sessioninfo id="Pam-5c1ff416" start="1785353350289" dump="1785353361712"/><sessioninfo id="Pam-3f33b5c4" start="1785353371258" dump="1785353382686"/><sessioninfo id="Pam-4f357e46" start="1785354211758" dump="1785354224963"/><sessioninfo id="Pam-4dcc7433" start="1785354229764" dump="1785354242660"/><sessioninfo id="Pam-caae8a1c" start="1785354505001" dump="1785354518125"/><sessioninfo id="Pam-958d98ca" start="1785354522957" dump="1785354536067"/><sessioninfo id="Pam-aed05020" start="1786243225326" dump="1786243237718"/><sessioninfo id="Pam-7d776f4d" start="1786243313231" dump="1786243320088"/><sessioninfo id="Pam-66de0628" start="1786243370219" dump="1786243376999"/><sessioninfo id="Pam-f49a232" start="1786243464408" dump="1786243468446"/><sessioninfo id="Pam-7a0f7447" start="1786243732349" dump="1786243743892"/><sessioninfo id="Pam-3c902625" start="1786252347944" dump="1786252361859"/><sessioninfo id="Pam-3d0fe995" start="1786253234562" dump="1786253246480"/><sessioninfo id="Pam-58bcec3c" start="1786254891848" dump="1786254895832"/><sessioninfo id="Pam-f30bfd81" start="1786255328330" dump="1786255344490"/><sessioninfo id="Pam-1297dedd" start="1786256626428" dump="1786256635951"/><sessioninfo id="Pam-b2cb4cc5" start="1786257307489" dump="1786257316240"/><sessioninfo id="Pam-ca54ac26" start="1786292290860" dump="1786292298918"/><sessioninfo id="Pam-69b83a85" start="1786292821338" dump="1786292829697"/><sessioninfo id="Pam-b8f48f0" start="1786293171859" dump="1786293181734"/><sessioninfo id="Pam-d12ca536" start="1786293497285" dump="1786293505611"/><package name="com/example/demoaether"><class name="com/example/demoaether/CalculationHistoryEntry" sourcefilename="CalculationHistoryEntry.java"><method name="&lt;init&gt;" desc="(JLjava/lang/String;Ljava/lang/String;DDDDLjava/time/LocalDateTime;)V" line="29"><counter type="INSTRUCTION" missed="0" covered="27"/><counter type="LINE" missed="0" covered="10"/><counter type="COMPLEXITY" missed="0" covered="1"/><counter type="METHOD" missed="0" covered="1"/></method><method name="getId" desc="()J" line="42"><counter type="INSTRUCTION" missed="3" covered="0"/><counter type="LINE" missed="1" covered="0"/><counter type="COMPLEXITY" missed="1" covered="0"/><counter type="METHOD" missed="1" covered="0"/></method><method name="getMissionName" desc="()Ljava/lang/String;" line="46"><counter type="INSTRUCTION" missed="0" covered="3"/><counter type="LINE" missed="0" covered="1"/><counter type="COMPLEXITY" missed="0" covered="1"/><counter type="METHOD" missed="0" covered="1"/></method><method name="getSpacecraftName" desc="()Ljava/lang/String;" line="50"><counter type="INSTRUCTION" missed="3" covered="0"/><counter type="LINE" missed="1" covered="0"/><counter type="COMPLEXITY" missed="1" covered="0"/><counter type="METHOD" missed="1" covered="0"/></method><method name="getElapsedSeconds" desc="()D" line="54"><counter type="INSTRUCTION" missed="3" covered="0"/><counter type="LINE" missed="1" covered="0"/><counter type="COMPLEXITY" missed="1" covered="0"/><counter type="METHOD" missed="1" covered="0"/></method><method name="getVelocityKms" desc="()D" line="58"><counter type="INSTRUCTION" missed="0" covered="3"/><counter type="LINE" missed="0" covered="1"/><counter type="COMPLEXITY" missed="0" covered="1"/><counter type="METHOD" missed="0" covered="1"/></method><method name="getAltitudeKm" desc="()D" line="62"><counter type="INSTRUCTION" missed="0" covered="3"/><counter type="LINE" missed="0" covered="1"/><counter type="COMPLEXITY" missed="0" covered="1"/><counter type="METHOD" missed="0" covered="1"/></method><method name="getDistanceMoonKm" desc="()D" line="66"><counter type="INSTRUCTION" missed="0" covered="3"/><counter type="LINE" missed="0" covered="1"/><counter type="COMPLEXITY" missed="0" covered="1"/><counter type="METHOD" missed="0" covered="1"/></method><method name="getExecutedAt" desc="()Ljava/time/LocalDateTime;" line="70"><counter type="INSTRUCTION" missed="0" covered="3"/><counter type="LINE" missed="0" covered="1"/><counter type="COMPLEXITY" missed="0" covered="1"/><counter type="METHOD" missed="0" covered="1"/></method><counter type="INSTRUCTION" missed="9" covered="42"/><counter type="LINE" missed="3" covered="15"/><counter type="COMPLEXITY" missed="3" covered="6"/><counter type="METHOD" missed="3" covered="6"/><counter type="CLASS" missed="0" covered="1"/></class><class name="com/example/demoaether/MissionReportEntry" sourcefilename="MissionReportEntry.java"><method name="&lt;init&gt;" desc="(JLjava/lang/String;Ljava/lang/String;Ljava/lang/String;Ljava/time/LocalDateTime;)V" line="23"><counter type="INSTRUCTION" missed="18" covered="0"/><counter type="LINE" missed="7" covered="0"/><counter type="COMPLEXITY" missed="1" covered="0"/><counter type="METHOD" missed="1" covered="0"/></method><method name="getId" desc="()J" line="33"><counter type="INSTRUCTION" missed="3" covered="0"/><counter type="LINE" missed="1" covered="0"/><counter type="COMPLEXITY" missed="1" covered="0"/><counter type="METHOD" missed="1" covered="0"/></method><method name="getFileName" desc="()Ljava/lang/String;" line="37"><counter type="INSTRUCTION" missed="3" covered="0"/><counter type="LINE" missed="1" covered="0"/><counter type="COMPLEXITY" missed="1" covered="0"/><counter type="METHOD" missed="1" covered="0"/></method><method name="getFilePath" desc="()Ljava/lang/String;" line="41"><counter type="INSTRUCTION" missed="3" covered="0"/><counter type="LINE" missed="1" covered="0"/><counter type="COMPLEXITY" missed="1" covered="0"/><counter type="METHOD" missed="1" covered="0"/></method><method name="getMissionName" desc="()Ljava/lang/String;" line="45"><counter type="INSTRUCTION" missed="3" covered="0"/><counter type="LINE" missed="1" covered="0"/><counter type="COMPLEXITY" missed="1" covered="0"/><counter type="METHOD" missed="1" covered="0"/></method><method name="getGeneratedAt" desc="()Ljava/time/LocalDateTime;" line="49"><counter type="INSTRUCTION" missed="3" covered="0"/><counter type="LINE" missed="1" covered="0"/><counter type="COMPLEXITY" missed="1" covered="0"/><counter type="METHOD" missed="1" covered="0"/></method><counter type="INSTRUCTION" missed="33" covered="0"/><counter type="LINE" missed="12" covered="0"/><counter type="COMPLEXITY" missed="6" covered="0"/><counter type="METHOD" missed="6" covered="0"/><counter type="CLASS" missed="1" covered="0"/></class><class name="com/example/demoaether/MissionPhaseTimeline$Phase" sourcefilename="MissionPhaseTimeline.java"><method name="&lt;init&gt;" desc="(Ljava/lang/String;ILjava/lang/String;Ljava/lang/String;Ljava/lang/String;)V" line="218"><counter type="INSTRUCTION" missed="0" covered="14"/><counter type="LINE" missed="0" covered="5"/><counter type="COMPLEXITY" missed="0" covered="1"/><counter type="METHOD" missed="0" covered="1"/></method><method name="displayName" desc="()Ljava/lang/String;" line="225"><counter type="INSTRUCTION" missed="3" covered="0"/><counter type="LINE" missed="1" covered="0"/><counter type="COMPLEXITY" missed="1" covered="0"/><counter type="METHOD" missed="1" covered="0"/></method><method name="nextEvent" desc="()Ljava/lang/String;" line="229"><counter type="INSTRUCTION" missed="3" covered="0"/><counter type="LINE" missed="1" covered="0"/><counter type="COMPLEXITY" missed="1" covered="0"/><counter type="METHOD" missed="1" covered="0"/></method><method name="color" desc="()Ljava/lang/String;" line="233"><counter type="INSTRUCTION" missed="0" covered="3"/><counter type="LINE" missed="0" covered="1"/><counter type="COMPLEXITY" missed="0" covered="1"/><counter type="METHOD" missed="0" covered="1"/></method><method name="&lt;clinit&gt;" desc="()V" line="206"><counter type="INSTRUCTION" missed="0" covered="57"/><counter type="LINE" missed="0" covered="7"/><counter type="COMPLEXITY" missed="0" covered="1"/><counter type="METHOD" missed="0" covered="1"/></method><counter type="INSTRUCTION" missed="6" covered="74"/><counter type="LINE" missed="2" covered="13"/><counter type="COMPLEXITY" missed="2" covered="3"/><counter type="METHOD" missed="2" covered="3"/><counter type="CLASS" missed="0" covered="1"/></class><class name="com/example/demoaether/MissionTrajectoryProjector$ProjectedPoint" sourcefilename="MissionTrajectoryProjector.java"><method name="&lt;init&gt;" desc="(D[D)V" line="424"><counter type="INSTRUCTION" missed="0" covered="9"/><counter type="LINE" missed="0" covered="1"/><counter type="COMPLEXITY" missed="0" covered="1"/><counter type="METHOD" missed="0" covered="1"/></method><counter type="INSTRUCTION" missed="0" covered="9"/><counter type="LINE" missed="0" covered="1"/><counter type="COMPLEXITY" missed="0" covered="1"/><counter type="METHOD" missed="0" covered="1"/><counter type="CLASS" missed="0" covered="1"/></class><class name="com/example/demoaether/AetherRepository" sourcefilename="AetherRepository.java"/><class name="com/example/demoaether/ReportGenerator" sourcefilename="ReportGenerator.java"><method name="generatePdf" desc="(Lcom/example/demoaether/MissionConfig;Lcom/example/demoaether/MissionState;Ljava/time/LocalDateTime;)Ljava/io/File;" line="30"><counter type="INSTRUCTION" missed="6" covered="0"/><counter type="LINE" missed="1" covered="0"/><counter type="COMPLEXITY" missed="1" covered="0"/><counter type="METHOD" missed="1" covered="0"/></method><method name="generatePdf" desc="(Lcom/example/demoaether/MissionConfig;Lcom/example/demoaether/MissionState;Ljava/time/LocalDateTime;Ljava/util/List;)Ljava/io/File;" line="35"><counter type="INSTRUCTION" missed="0" covered="7"/><counter type="LINE" missed="0" covered="1"/><counter type="COMPLEXITY" missed="0" covered="1"/><counter type="METHOD" missed="0" covered="1"/></method><method name="generatePdf" desc="(Lcom/example/demoaether/MissionConfig;Lcom/example/demoaether/MissionState;Ljava/time/LocalDateTime;Ljava/util/List;Ljava/lang/String;)Ljava/io/File;" line="41"><counter type="INSTRUCTION" missed="8" covered="32"/><counter type="BRANCH" missed="3" covered="1"/><counter type="LINE" missed="1" covered="7"/><counter type="COMPLEXITY" missed="2" covered="1"/><counter type="METHOD" missed="0" covered="1"/></method><method name="reportLines" desc="(Lcom/example/demoaether/MissionConfig;Lcom/example/demoaether/MissionState;Ljava/time/LocalDateTime;Ljava/util/List;Ljava/lang/String;)Ljava/util/List;" line="56"><counter type="INSTRUCTION" missed="5" covered="157"/><counter type="BRANCH" missed="2" covered="4"/><counter type="LINE" missed="1" covered="25"/><counter type="COMPLEXITY" missed="2" covered="2"/><counter type="METHOD" missed="0" covered="1"/></method><method name="sanitizeUserName" desc="(Ljava/lang/String;)Ljava/lang/String;" line="89"><counter type="INSTRUCTION" missed="2" covered="8"/><counter type="BRANCH" missed="2" covered="2"/><counter type="LINE" missed="1" covered="2"/><counter type="COMPLEXITY" missed="2" covered="1"/><counter type="METHOD" missed="0" covered="1"/></method><method name="historyLine" desc="(ILcom/example/demoaether/CalculationHistoryEntry;)Ljava/lang/String;" line="97"><counter type="INSTRUCTION" missed="2" covered="24"/><counter type="BRANCH" missed="1" covered="1"/><counter type="LINE" missed="1" covered="7"/><counter type="COMPLEXITY" missed="1" covered="1"/><counter type="METHOD" missed="0" covered="1"/></method><method name="format" desc="(D)Ljava/lang/String;" line="108"><counter type="INSTRUCTION" missed="0" covered="11"/><counter type="LINE" missed="0" covered="1"/><counter type="COMPLEXITY" missed="0" covered="1"/><counter type="METHOD" missed="0" covered="1"/></method><method name="writeSimplePdf" desc="(Ljava/io/File;Ljava/util/List;)V" line="113"><counter type="INSTRUCTION" missed="0" covered="178"/><counter type="BRANCH" missed="0" covered="8"/><counter type="LINE" missed="0" covered="31"/><counter type="COMPLEXITY" missed="0" covered="5"/><counter type="METHOD" missed="0" covered="1"/></method><method name="escape" desc="(Ljava/lang/String;)Ljava/lang/String;" line="151"><counter type="INSTRUCTION" missed="0" covered="49"/><counter type="LINE" missed="0" covered="14"/><counter type="COMPLEXITY" missed="0" covered="1"/><counter type="METHOD" missed="0" covered="1"/></method><counter type="INSTRUCTION" missed="23" covered="466"/><counter type="BRANCH" missed="8" covered="16"/><counter type="LINE" missed="5" covered="88"/><counter type="COMPLEXITY" missed="8" covered="13"/><counter type="METHOD" missed="1" covered="8"/><counter type="CLASS" missed="0" covered="1"/></class><class name="com/example/demoaether/TelemetryViewModel" sourcefilename="TelemetryViewModel.java"><method name="&lt;init&gt;" desc="(Ljava/lang/String;Ljava/lang/String;Ljava/lang/String;Ljava/lang/String;)V" line="23"><counter type="INSTRUCTION" missed="0" covered="15"/><counter type="LINE" missed="0" covered="6"/><counter type="COMPLEXITY" missed="0" covered="1"/><counter type="METHOD" missed="0" covered="1"/></method><method name="fromState" desc="(Lcom/example/demoaether/MissionState;)Lcom/example/demoaether/TelemetryViewModel;" line="37"><counter type="INSTRUCTION" missed="0" covered="41"/><counter type="LINE" missed="0" covered="5"/><counter type="COMPLEXITY" missed="0" covered="1"/><counter type="METHOD" missed="0" covered="1"/></method><method name="getElapsedTimeText" desc="()Ljava/lang/String;" line="46"><counter type="INSTRUCTION" missed="0" covered="3"/><counter type="LINE" missed="0" covered="1"/><counter type="COMPLEXITY" missed="0" covered="1"/><counter type="METHOD" missed="0" covered="1"/></method><method name="getVelocityText" desc="()Ljava/lang/String;" line="50"><counter type="INSTRUCTION" missed="0" covered="3"/><counter type="LINE" missed="0" covered="1"/><counter type="COMPLEXITY" missed="0" covered="1"/><counter type="METHOD" missed="0" covered="1"/></method><method name="getAltitudeText" desc="()Ljava/lang/String;" line="54"><counter type="INSTRUCTION" missed="0" covered="3"/><counter type="LINE" missed="0" covered="1"/><counter type="COMPLEXITY" missed="0" covered="1"/><counter type="METHOD" missed="0" covered="1"/></method><method name="getMoonDistanceText" desc="()Ljava/lang/String;" line="58"><counter type="INSTRUCTION" missed="0" covered="3"/><counter type="LINE" missed="0" covered="1"/><counter type="COMPLEXITY" missed="0" covered="1"/><counter type="METHOD" missed="0" covered="1"/></method><method name="formatTime" desc="(I)Ljava/lang/String;" line="62"><counter type="INSTRUCTION" missed="0" covered="35"/><counter type="LINE" missed="0" covered="4"/><counter type="COMPLEXITY" missed="0" covered="1"/><counter type="METHOD" missed="0" covered="1"/></method><counter type="INSTRUCTION" missed="0" covered="103"/><counter type="LINE" missed="0" covered="19"/><counter type="COMPLEXITY" missed="0" covered="7"/><counter type="METHOD" missed="0" covered="7"/><counter type="CLASS" missed="0" covered="1"/></class><class name="com/example/demoaether/RepositoryFactory" sourcefilename="RepositoryFactory.java"><method name="createRepository" desc="()Lcom/example/demoaether/AetherRepository;" line="16"><counter type="INSTRUCTION" missed="32" covered="0"/><counter type="BRANCH" missed="4" covered="0"/><counter type="LINE" missed="9" covered="0"/><counter type="COMPLEXITY" missed="3" covered="0"/><counter type="METHOD" missed="1" covered="0"/></method><counter type="INSTRUCTION" missed="32" covered="0"/><counter type="BRANCH" missed="4" covered="0"/><counter type="LINE" missed="9" covered="0"/><counter type="COMPLEXITY" missed="3" covered="0"/><counter type="METHOD" missed="1" covered="0"/><counter type="CLASS" missed="1" covered="0"/></class><class name="com/example/demoaether/TrajectoryPlayback" sourcefilename="TrajectoryPlayback.java"><method name="&lt;init&gt;" desc="(Lcom/example/demoaether/MissionTrajectory;DZLjava/util/function/Consumer;Ljava/lang/Runnable;)V" line="28"><counter type="INSTRUCTION" missed="50" covered="0"/><counter type="BRANCH" missed="2" covered="0"/><counter type="LINE" missed="12" covered="0"/><counter type="COMPLEXITY" missed="2" covered="0"/><counter type="METHOD" missed="1" covered="0"/></method><method name="start" desc="()V" line="61"><counter type="INSTRUCTION" missed="21" covered="0"/><counter type="LINE" missed="8" covered="0"/><counter type="COMPLEXITY" missed="1" covered="0"/><counter type="METHOD" missed="1" covered="0"/></method><method name="handle" desc="(J)V" line="72"><counter type="INSTRUCTION" missed="77" covered="0"/><counter type="BRANCH" missed="12" covered="0"/><counter type="LINE" missed="16" covered="0"/><counter type="COMPLEXITY" missed="7" covered="0"/><counter type="METHOD" missed="1" covered="0"/></method><method name="togglePaused" desc="()Z" line="97"><counter type="INSTRUCTION" missed="37" covered="0"/><counter type="BRANCH" missed="4" covered="0"/><counter type="LINE" missed="10" covered="0"/><counter type="COMPLEXITY" missed="3" covered="0"/><counter type="METHOD" missed="1" covered="0"/></method><method name="cancel" desc="()V" line="114"><counter type="INSTRUCTION" missed="9" covered="0"/><counter type="LINE" missed="4" covered="0"/><counter type="COMPLEXITY" missed="1" covered="0"/><counter type="METHOD" missed="1" covered="0"/></method><method name="isRunning" desc="()Z" line="120"><counter type="INSTRUCTION" missed="3" covered="0"/><counter type="LINE" missed="1" covered="0"/><counter type="COMPLEXITY" missed="1" covered="0"/><counter type="METHOD" missed="1" covered="0"/></method><method name="isPaused" desc="()Z" line="124"><counter type="INSTRUCTION" missed="3" covered="0"/><counter type="LINE" missed="1" covered="0"/><counter type="COMPLEXITY" missed="1" covered="0"/><counter type="METHOD" missed="1" covered="0"/></method><method name="getTrajectoryDurationSeconds" desc="()D" line="128"><counter type="INSTRUCTION" missed="3" covered="0"/><counter type="LINE" missed="1" covered="0"/><counter type="COMPLEXITY" missed="1" covered="0"/><counter type="METHOD" missed="1" covered="0"/></method><method name="finish" desc="()V" line="132"><counter type="INSTRUCTION" missed="28" covered="0"/><counter type="BRANCH" missed="2" covered="0"/><counter type="LINE" missed="8" covered="0"/><counter type="COMPLEXITY" missed="2" covered="0"/><counter type="METHOD" missed="1" covered="0"/></method><method name="sampleAt" desc="(Ljava/util/List;D)Lcom/example/demoaether/MissionState;" line="147"><counter type="INSTRUCTION" missed="25" covered="76"/><counter type="BRANCH" missed="5" covered="7"/><counter type="LINE" missed="6" covered="14"/><counter type="COMPLEXITY" missed="4" covered="3"/><counter type="METHOD" missed="0" covered="1"/></method><method name="interpolate" desc="(Lcom/example/demoaether/MissionState;Lcom/example/demoaether/MissionState;DD)Lcom/example/demoaether/MissionState;" line="181"><counter type="INSTRUCTION" missed="0" covered="65"/><counter type="LINE" missed="0" covered="11"/><counter type="COMPLEXITY" missed="0" covered="1"/><counter type="METHOD" missed="0" covered="1"/></method><method name="lerp" desc="(DDD)D" line="197"><counter type="INSTRUCTION" missed="0" covered="8"/><counter type="LINE" missed="0" covered="1"/><counter type="COMPLEXITY" missed="0" covered="1"/><counter type="METHOD" missed="0" covered="1"/></method><method name="lerpOptional" desc="(DDD)D" line="201"><counter type="INSTRUCTION" missed="1" covered="12"/><counter type="BRANCH" missed="2" covered="2"/><counter type="LINE" missed="0" covered="1"/><counter type="COMPLEXITY" missed="2" covered="1"/><counter type="METHOD" missed="0" covered="1"/></method><counter type="INSTRUCTION" missed="257" covered="161"/><counter type="BRANCH" missed="27" covered="9"/><counter type="LINE" missed="67" covered="27"/><counter type="COMPLEXITY" missed="25" covered="6"/><counter type="METHOD" missed="9" covered="4"/><counter type="CLASS" missed="0" covered="1"/></class><class name="com/example/demoaether/MissionEventEntry" sourcefilename="MissionEventEntry.java"><method name="&lt;init&gt;" desc="(JLjava/lang/String;Ljava/lang/String;Ljava/time/LocalDateTime;)V" line="22"><counter type="INSTRUCTION" missed="15" covered="0"/><counter type="LINE" missed="6" covered="0"/><counter type="COMPLEXITY" missed="1" covered="0"/><counter type="METHOD" missed="1" covered="0"/></method><method name="getId" desc="()J" line="31"><counter type="INSTRUCTION" missed="3" covered="0"/><counter type="LINE" missed="1" covered="0"/><counter type="COMPLEXITY" missed="1" covered="0"/><counter type="METHOD" missed="1" covered="0"/></method><method name="getEventType" desc="()Ljava/lang/String;" line="35"><counter type="INSTRUCTION" missed="3" covered="0"/><counter type="LINE" missed="1" covered="0"/><counter type="COMPLEXITY" missed="1" covered="0"/><counter type="METHOD" missed="1" covered="0"/></method><method name="getDescription" desc="()Ljava/lang/String;" line="39"><counter type="INSTRUCTION" missed="3" covered="0"/><counter type="LINE" missed="1" covered="0"/><counter type="COMPLEXITY" missed="1" covered="0"/><counter type="METHOD" missed="1" covered="0"/></method><method name="getExecutedAt" desc="()Ljava/time/LocalDateTime;" line="43"><counter type="INSTRUCTION" missed="3" covered="0"/><counter type="LINE" missed="1" covered="0"/><counter type="COMPLEXITY" missed="1" covered="0"/><counter type="METHOD" missed="1" covered="0"/></method><counter type="INSTRUCTION" missed="27" covered="0"/><counter type="LINE" missed="10" covered="0"/><counter type="COMPLEXITY" missed="5" covered="0"/><counter type="METHOD" missed="5" covered="0"/><counter type="CLASS" missed="1" covered="0"/></class><class name="com/example/demoaether/MissionPhaseTimeline" sourcefilename="MissionPhaseTimeline.java"><method name="&lt;init&gt;" desc="(DDDDDDDDD)V" line="39"><counter type="INSTRUCTION" missed="0" covered="30"/><counter type="LINE" missed="0" covered="11"/><counter type="COMPLEXITY" missed="0" covered="1"/><counter type="METHOD" missed="0" covered="1"/></method><method name="from" desc="(Lcom/example/demoaether/MissionTrajectory;)Lcom/example/demoaether/MissionPhaseTimeline;" line="53"><counter type="INSTRUCTION" missed="5" covered="110"/><counter type="BRANCH" missed="2" covered="2"/><counter type="LINE" missed="1" covered="17"/><counter type="COMPLEXITY" missed="2" covered="1"/><counter type="METHOD" missed="0" covered="1"/></method><method name="phaseAt" desc="(D)Lcom/example/demoaether/MissionPhaseTimeline$Phase;" line="88"><counter type="INSTRUCTION" missed="0" covered="45"/><counter type="BRANCH" missed="0" covered="10"/><counter type="LINE" missed="0" covered="12"/><counter type="COMPLEXITY" missed="0" covered="6"/><counter type="METHOD" missed="0" covered="1"/></method><method name="transitions" desc="()Ljava/util/List;" line="109"><counter type="INSTRUCTION" missed="0" covered="52"/><counter type="LINE" missed="0" covered="7"/><counter type="COMPLEXITY" missed="0" covered="1"/><counter type="METHOD" missed="0" covered="1"/></method><method name="getTliCenterSeconds" desc="()D" line="119"><counter type="INSTRUCTION" missed="0" covered="3"/><counter type="LINE" missed="0" covered="1"/><counter type="COMPLEXITY" missed="0" covered="1"/><counter type="METHOD" missed="0" covered="1"/></method><method name="getLunarEncounterSeconds" desc="()D" line="123"><counter type="INSTRUCTION" missed="0" covered="3"/><counter type="LINE" missed="0" covered="1"/><counter type="COMPLEXITY" missed="0" covered="1"/><counter type="METHOD" missed="0" covered="1"/></method><method name="getEndSeconds" desc="()D" line="127"><counter type="INSTRUCTION" missed="0" covered="3"/><counter type="LINE" missed="0" covered="1"/><counter type="COMPLEXITY" missed="0" covered="1"/><counter type="METHOD" missed="0" covered="1"/></method><method name="indexOfMinimumMoonDistance" desc="(Ljava/util/List;)I" line="131"><counter type="INSTRUCTION" missed="0" covered="26"/><counter type="BRANCH" missed="0" covered="4"/><counter type="LINE" missed="0" covered="5"/><counter type="COMPLEXITY" missed="0" covered="3"/><counter type="METHOD" missed="0" covered="1"/></method><method name="indexOfDeparturePerigee" desc="(Ljava/util/List;I)I" line="145"><counter type="INSTRUCTION" missed="32" covered="71"/><counter type="BRANCH" missed="7" covered="9"/><counter type="LINE" missed="5" covered="14"/><counter type="COMPLEXITY" missed="5" covered="4"/><counter type="METHOD" missed="0" covered="1"/></method><method name="firstWithinMoonDistance" desc="(Ljava/util/List;II)I" line="179"><counter type="INSTRUCTION" missed="2" covered="19"/><counter type="BRANCH" missed="1" covered="3"/><counter type="LINE" missed="1" covered="3"/><counter type="COMPLEXITY" missed="1" covered="2"/><counter type="METHOD" missed="0" covered="1"/></method><method name="firstOutsideMoonDistance" desc="(Ljava/util/List;I)I" line="188"><counter type="INSTRUCTION" missed="5" covered="18"/><counter type="BRANCH" missed="1" covered="3"/><counter type="LINE" missed="1" covered="3"/><counter type="COMPLEXITY" missed="1" covered="2"/><counter type="METHOD" missed="0" covered="1"/></method><method name="firstReturnWithinEarthDistance" desc="(Ljava/util/List;I)I" line="197"><counter type="INSTRUCTION" missed="5" covered="20"/><counter type="BRANCH" missed="1" covered="3"/><counter type="LINE" missed="1" covered="3"/><counter type="COMPLEXITY" missed="1" covered="2"/><counter type="METHOD" missed="0" covered="1"/></method><counter type="INSTRUCTION" missed="49" covered="400"/><counter type="BRANCH" missed="12" covered="34"/><counter type="LINE" missed="9" covered="78"/><counter type="COMPLEXITY" missed="10" covered="25"/><counter type="METHOD" missed="0" covered="12"/><counter type="CLASS" missed="0" covered="1"/></class><class name="com/example/demoaether/MissionLogger" sourcefilename="MissionLogger.java"><method name="&lt;init&gt;" desc="(Ljava/lang/String;)V" line="21"><counter type="INSTRUCTION" missed="7" covered="36"/><counter type="LINE" missed="2" covered="10"/><counter type="COMPLEXITY" missed="0" covered="1"/><counter type="METHOD" missed="0" covered="1"/></method><method name="logState" desc="(Lcom/example/demoaether/MissionState;)V" line="54"><counter type="INSTRUCTION" missed="1" covered="59"/><counter type="BRANCH" missed="1" covered="1"/><counter type="LINE" missed="1" covered="11"/><counter type="COMPLEXITY" missed="1" covered="1"/><counter type="METHOD" missed="0" covered="1"/></method><method name="close" desc="()V" line="75"><counter type="INSTRUCTION" missed="0" covered="13"/><counter type="BRANCH" missed="1" covered="1"/><counter type="LINE" missed="0" covered="5"/><counter type="COMPLEXITY" missed="1" covered="1"/><counter type="METHOD" missed="0" covered="1"/></method><counter type="INSTRUCTION" missed="8" covered="108"/><counter type="BRANCH" missed="2" covered="2"/><counter type="LINE" missed="3" covered="26"/><counter type="COMPLEXITY" missed="2" covered="3"/><counter type="METHOD" missed="0" covered="3"/><counter type="CLASS" missed="0" covered="1"/></class><class name="com/example/demoaether/MissionPhaseTimeline$Transition" sourcefilename="MissionPhaseTimeline.java"><method name="&lt;init&gt;" desc="(DLcom/example/demoaether/MissionPhaseTimeline$Phase;)V" line="237"><counter type="INSTRUCTION" missed="0" covered="9"/><counter type="LINE" missed="0" covered="1"/><counter type="COMPLEXITY" missed="0" covered="1"/><counter type="METHOD" missed="0" covered="1"/></method><counter type="INSTRUCTION" missed="0" covered="9"/><counter type="LINE" missed="0" covered="1"/><counter type="COMPLEXITY" missed="0" covered="1"/><counter type="METHOD" missed="0" covered="1"/><counter type="CLASS" missed="0" covered="1"/></class><class name="com/example/demoaether/MissionTrajectory" sourcefilename="MissionTrajectory.java"><method name="&lt;init&gt;" desc="(Ljava/util/List;Ljava/util/List;Z)V" line="23"><counter type="INSTRUCTION" missed="0" covered="20"/><counter type="LINE" missed="0" covered="5"/><counter type="COMPLEXITY" missed="0" covered="1"/><counter type="METHOD" missed="0" covered="1"/></method><method name="getStates" desc="()Ljava/util/List;" line="31"><counter type="INSTRUCTION" missed="0" covered="3"/><counter type="LINE" missed="0" covered="1"/><counter type="COMPLEXITY" missed="0" covered="1"/><counter type="METHOD" missed="0" covered="1"/></method><method name="getEvents" desc="()Ljava/util/List;" line="35"><counter type="INSTRUCTION" missed="0" covered="3"/><counter type="LINE" missed="0" covered="1"/><counter type="COMPLEXITY" missed="0" covered="1"/><counter type="METHOD" missed="0" covered="1"/></method><method name="isOrekitBacked" desc="()Z" line="39"><counter type="INSTRUCTION" missed="0" covered="3"/><counter type="LINE" missed="0" covered="1"/><counter type="COMPLEXITY" missed="0" covered="1"/><counter type="METHOD" missed="0" covered="1"/></method><method name="lastState" desc="()Lcom/example/demoaether/MissionState;" line="44"><counter type="INSTRUCTION" missed="2" covered="14"/><counter type="BRANCH" missed="1" covered="1"/><counter type="LINE" missed="0" covered="1"/><counter type="COMPLEXITY" missed="1" covered="1"/><counter type="METHOD" missed="0" covered="1"/></method><method name="getDurationSeconds" desc="()D" line="49"><counter type="INSTRUCTION" missed="2" covered="8"/><counter type="BRANCH" missed="1" covered="1"/><counter type="LINE" missed="0" covered="2"/><counter type="COMPLEXITY" missed="1" covered="1"/><counter type="METHOD" missed="0" covered="1"/></method><counter type="INSTRUCTION" missed="4" covered="51"/><counter type="BRANCH" missed="2" covered="2"/><counter type="LINE" missed="0" covered="11"/><counter type="COMPLEXITY" missed="2" covered="6"/><counter type="METHOD" missed="0" covered="6"/><counter type="CLASS" missed="0" covered="1"/></class><class name="com/example/demoaether/DatabaseConfig" sourcefilename="DatabaseConfig.java"><method name="&lt;init&gt;" desc="(ZLjava/lang/String;Ljava/lang/String;Ljava/lang/String;)V" line="19"><counter type="INSTRUCTION" missed="15" covered="0"/><counter type="LINE" missed="6" covered="0"/><counter type="COMPLEXITY" missed="1" covered="0"/><counter type="METHOD" missed="1" covered="0"/></method><method name="fromEnvironment" desc="()Lcom/example/demoaether/DatabaseConfig;" line="28"><counter type="INSTRUCTION" missed="25" covered="0"/><counter type="LINE" missed="5" covered="0"/><counter type="COMPLEXITY" missed="1" covered="0"/><counter type="METHOD" missed="1" covered="0"/></method><method name="read" desc="(Ljava/lang/String;Ljava/lang/String;)Ljava/lang/String;" line="37"><counter type="INSTRUCTION" missed="20" covered="0"/><counter type="BRANCH" missed="8" covered="0"/><counter type="LINE" missed="4" covered="0"/><counter type="COMPLEXITY" missed="5" covered="0"/><counter type="METHOD" missed="1" covered="0"/></method><method name="isEnabled" desc="()Z" line="45"><counter type="INSTRUCTION" missed="3" covered="0"/><counter type="LINE" missed="1" covered="0"/><counter type="COMPLEXITY" missed="1" covered="0"/><counter type="METHOD" missed="1" covered="0"/></method><method name="getUrl" desc="()Ljava/lang/String;" line="49"><counter type="INSTRUCTION" missed="3" covered="0"/><counter type="LINE" missed="1" covered="0"/><counter type="COMPLEXITY" missed="1" covered="0"/><counter type="METHOD" missed="1" covered="0"/></method><method name="getUser" desc="()Ljava/lang/String;" line="53"><counter type="INSTRUCTION" missed="3" covered="0"/><counter type="LINE" missed="1" covered="0"/><counter type="COMPLEXITY" missed="1" covered="0"/><counter type="METHOD" missed="1" covered="0"/></method><method name="getPassword" desc="()Ljava/lang/String;" line="57"><counter type="INSTRUCTION" missed="3" covered="0"/><counter type="LINE" missed="1" covered="0"/><counter type="COMPLEXITY" missed="1" covered="0"/><counter type="METHOD" missed="1" covered="0"/></method><counter type="INSTRUCTION" missed="72" covered="0"/><counter type="BRANCH" missed="8" covered="0"/><counter type="LINE" missed="19" covered="0"/><counter type="COMPLEXITY" missed="11" covered="0"/><counter type="METHOD" missed="7" covered="0"/><counter type="CLASS" missed="1" covered="0"/></class><class name="com/example/demoaether/ArtemisReferenceTrajectoryLoader" sourcefilename="ArtemisReferenceTrajectoryLoader.java"><method name="supports" desc="(Lcom/example/demoaether/MissionConfig;)Z" line="44"><counter type="INSTRUCTION" missed="0" covered="3"/><counter type="LINE" missed="0" covered="1"/><counter type="COMPLEXITY" missed="0" covered="1"/><counter type="METHOD" missed="0" covered="1"/></method><method name="load" desc="()Lcom/example/demoaether/MissionTrajectory;" line="53"><counter type="INSTRUCTION" missed="0" covered="18"/><counter type="BRANCH" missed="1" covered="3"/><counter type="LINE" missed="0" covered="7"/><counter type="COMPLEXITY" missed="1" covered="2"/><counter type="METHOD" missed="0" covered="1"/></method><method name="parseResource" desc="()Lcom/example/demoaether/MissionTrajectory;" line="67"><counter type="INSTRUCTION" missed="6" covered="92"/><counter type="BRANCH" missed="2" covered="10"/><counter type="LINE" missed="2" covered="22"/><counter type="COMPLEXITY" missed="2" covered="5"/><counter type="METHOD" missed="0" covered="1"/></method><method name="openResource" desc="()Ljava/io/InputStream;" line="100"><counter type="INSTRUCTION" missed="5" covered="8"/><counter type="BRANCH" missed="1" covered="1"/><counter type="LINE" missed="1" covered="3"/><counter type="COMPLEXITY" missed="1" covered="1"/><counter type="METHOD" missed="0" covered="1"/></method><method name="toMissionState" desc="(Lorg/orekit/utils/TimeStampedPVCoordinates;Lorg/orekit/frames/Frame;Lorg/orekit/time/AbsoluteDate;)Lcom/example/demoaether/MissionState;" line="111"><counter type="INSTRUCTION" missed="0" covered="65"/><counter type="LINE" missed="0" covered="14"/><counter type="COMPLEXITY" missed="0" covered="1"/><counter type="METHOD" missed="0" covered="1"/></method><method name="describeReferenceEvents" desc="(Ljava/util/List;)Ljava/util/List;" line="133"><counter type="INSTRUCTION" missed="0" covered="115"/><counter type="BRANCH" missed="0" covered="6"/><counter type="LINE" missed="0" covered="18"/><counter type="COMPLEXITY" missed="0" covered="4"/><counter type="METHOD" missed="0" covered="1"/></method><method name="lambda$parseResource$0" desc="()Ljava/io/InputStream;" line="68"><counter type="INSTRUCTION" missed="0" covered="2"/><counter type="LINE" missed="0" covered="1"/><counter type="COMPLEXITY" missed="0" covered="1"/><counter type="METHOD" missed="0" covered="1"/></method><counter type="INSTRUCTION" missed="11" covered="303"/><counter type="BRANCH" missed="4" covered="20"/><counter type="LINE" missed="3" covered="65"/><counter type="COMPLEXITY" missed="4" covered="15"/><counter type="METHOD" missed="0" covered="7"/><counter type="CLASS" missed="0" covered="1"/></class><class name="com/example/demoaether/MissionConfig" sourcefilename="MissionConfig.java"><method name="&lt;init&gt;" desc="()V" line="27"><counter type="INSTRUCTION" missed="0" covered="45"/><counter type="LINE" missed="0" covered="16"/><counter type="COMPLEXITY" missed="0" covered="1"/><counter type="METHOD" missed="0" covered="1"/></method><method name="validate" desc="()V" line="47"><counter type="INSTRUCTION" missed="40" covered="101"/><counter type="BRANCH" missed="15" covered="23"/><counter type="LINE" missed="8" covered="13"/><counter type="COMPLEXITY" missed="15" covered="5"/><counter type="METHOD" missed="0" covered="1"/></method><method name="getMissionName" desc="()Ljava/lang/String;" line="79"><counter type="INSTRUCTION" missed="0" covered="3"/><counter type="LINE" missed="0" covered="1"/><counter type="COMPLEXITY" missed="0" covered="1"/><counter type="METHOD" missed="0" covered="1"/></method><method name="setMissionName" desc="(Ljava/lang/String;)V" line="80"><counter type="INSTRUCTION" missed="0" covered="4"/><counter type="LINE" missed="0" covered="1"/><counter type="COMPLEXITY" missed="0" covered="1"/><counter type="METHOD" missed="0" covered="1"/></method><method name="getSpacecraftName" desc="()Ljava/lang/String;" line="81"><counter type="INSTRUCTION" missed="0" covered="3"/><counter type="LINE" missed="0" covered="1"/><counter type="COMPLEXITY" missed="0" covered="1"/><counter type="METHOD" missed="0" covered="1"/></method><method name="setSpacecraftName" desc="(Ljava/lang/String;)V" line="82"><counter type="INSTRUCTION" missed="0" covered="4"/><counter type="LINE" missed="0" covered="1"/><counter type="COMPLEXITY" missed="0" covered="1"/><counter type="METHOD" missed="0" covered="1"/></method><method name="getSpacecraftMass" desc="()D" line="83"><counter type="INSTRUCTION" missed="0" covered="3"/><counter type="LINE" missed="0" covered="1"/><counter type="COMPLEXITY" missed="0" covered="1"/><counter type="METHOD" missed="0" covered="1"/></method><method name="setSpacecraftMass" desc="(D)V" line="84"><counter type="INSTRUCTION" missed="0" covered="4"/><counter type="LINE" missed="0" covered="1"/><counter type="COMPLEXITY" missed="0" covered="1"/><counter type="METHOD" missed="0" covered="1"/></method><method name="getInitialAltitude" desc="()D" line="85"><counter type="INSTRUCTION" missed="0" covered="3"/><counter type="LINE" missed="0" covered="1"/><counter type="COMPLEXITY" missed="0" covered="1"/><counter type="METHOD" missed="0" covered="1"/></method><method name="setInitialAltitude" desc="(D)V" line="86"><counter type="INSTRUCTION" missed="0" covered="4"/><counter type="LINE" missed="0" covered="1"/><counter type="COMPLEXITY" missed="0" covered="1"/><counter type="METHOD" missed="0" covered="1"/></method><method name="getInitialVelocity" desc="()D" line="87"><counter type="INSTRUCTION" missed="0" covered="3"/><counter type="LINE" missed="0" covered="1"/><counter type="COMPLEXITY" missed="0" covered="1"/><counter type="METHOD" missed="0" covered="1"/></method><method name="setInitialVelocity" desc="(D)V" line="88"><counter type="INSTRUCTION" missed="0" covered="4"/><counter type="LINE" missed="0" covered="1"/><counter type="COMPLEXITY" missed="0" covered="1"/><counter type="METHOD" missed="0" covered="1"/></method><method name="getInclination" desc="()D" line="89"><counter type="INSTRUCTION" missed="0" covered="3"/><counter type="LINE" missed="0" covered="1"/><counter type="COMPLEXITY" missed="0" covered="1"/><counter type="METHOD" missed="0" covered="1"/></method><method name="setInclination" desc="(D)V" line="90"><counter type="INSTRUCTION" missed="4" covered="0"/><counter type="LINE" missed="1" covered="0"/><counter type="COMPLEXITY" missed="1" covered="0"/><counter type="METHOD" missed="1" covered="0"/></method><method name="getEccentricity" desc="()D" line="91"><counter type="INSTRUCTION" missed="0" covered="3"/><counter type="LINE" missed="0" covered="1"/><counter type="COMPLEXITY" missed="0" covered="1"/><counter type="METHOD" missed="0" covered="1"/></method><method name="setEccentricity" desc="(D)V" line="92"><counter type="INSTRUCTION" missed="4" covered="0"/><counter type="LINE" missed="1" covered="0"/><counter type="COMPLEXITY" missed="1" covered="0"/><counter type="METHOD" missed="1" covered="0"/></method><method name="getArgumentOfPerigee" desc="()D" line="93"><counter type="INSTRUCTION" missed="0" covered="3"/><counter type="LINE" missed="0" covered="1"/><counter type="COMPLEXITY" missed="0" covered="1"/><counter type="METHOD" missed="0" covered="1"/></method><method name="setArgumentOfPerigee" desc="(D)V" line="94"><counter type="INSTRUCTION" missed="4" covered="0"/><counter type="LINE" missed="1" covered="0"/><counter type="COMPLEXITY" missed="1" covered="0"/><counter type="METHOD" missed="1" covered="0"/></method><method name="getTliDeltaVKms" desc="()D" line="95"><counter type="INSTRUCTION" missed="0" covered="3"/><counter type="LINE" missed="0" covered="1"/><counter type="COMPLEXITY" missed="0" covered="1"/><counter type="METHOD" missed="0" covered="1"/></method><method name="setTliDeltaVKms" desc="(D)V" line="96"><counter type="INSTRUCTION" missed="0" covered="4"/><counter type="LINE" missed="0" covered="1"/><counter type="COMPLEXITY" missed="0" covered="1"/><counter type="METHOD" missed="0" covered="1"/></method><method name="getTliBurnOffsetHours" desc="()D" line="97"><counter type="INSTRUCTION" missed="0" covered="3"/><counter type="LINE" missed="0" covered="1"/><counter type="COMPLEXITY" missed="0" covered="1"/><counter type="METHOD" missed="0" covered="1"/></method><method name="setTliBurnOffsetHours" desc="(D)V" line="98"><counter type="INSTRUCTION" missed="0" covered="4"/><counter type="LINE" missed="0" covered="1"/><counter type="COMPLEXITY" missed="0" covered="1"/><counter type="METHOD" missed="0" covered="1"/></method><method name="getSimulationHours" desc="()I" line="99"><counter type="INSTRUCTION" missed="0" covered="3"/><counter type="LINE" missed="0" covered="1"/><counter type="COMPLEXITY" missed="0" covered="1"/><counter type="METHOD" missed="0" covered="1"/></method><method name="setSimulationHours" desc="(I)V" line="100"><counter type="INSTRUCTION" missed="0" covered="4"/><counter type="LINE" missed="0" covered="1"/><counter type="COMPLEXITY" missed="0" covered="1"/><counter type="METHOD" missed="0" covered="1"/></method><method name="getSimulationStepSeconds" desc="()I" line="101"><counter type="INSTRUCTION" missed="3" covered="0"/><counter type="LINE" missed="1" covered="0"/><counter type="COMPLEXITY" missed="1" covered="0"/><counter type="METHOD" missed="1" covered="0"/></method><method name="setSimulationStepSeconds" desc="(I)V" line="102"><counter type="INSTRUCTION" missed="0" covered="4"/><counter type="LINE" missed="0" covered="1"/><counter type="COMPLEXITY" missed="0" covered="1"/><counter type="METHOD" missed="0" covered="1"/></method><method name="getSimulationSpeed" desc="()I" line="103"><counter type="INSTRUCTION" missed="0" covered="3"/><counter type="LINE" missed="0" covered="1"/><counter type="COMPLEXITY" missed="0" covered="1"/><counter type="METHOD" missed="0" covered="1"/></method><method name="setSimulationSpeed" desc="(I)V" line="104"><counter type="INSTRUCTION" missed="0" covered="4"/><counter type="LINE" missed="0" covered="1"/><counter type="COMPLEXITY" missed="0" covered="1"/><counter type="METHOD" missed="0" covered="1"/></method><method name="isSaveReports" desc="()Z" line="105"><counter type="INSTRUCTION" missed="3" covered="0"/><counter type="LINE" missed="1" covered="0"/><counter type="COMPLEXITY" missed="1" covered="0"/><counter type="METHOD" missed="1" covered="0"/></method><method name="setSaveReports" desc="(Z)V" line="106"><counter type="INSTRUCTION" missed="0" covered="4"/><counter type="LINE" missed="0" covered="1"/><counter type="COMPLEXITY" missed="0" covered="1"/><counter type="METHOD" missed="0" covered="1"/></method><counter type="INSTRUCTION" missed="58" covered="226"/><counter type="BRANCH" missed="15" covered="23"/><counter type="LINE" missed="13" covered="52"/><counter type="COMPLEXITY" missed="20" covered="29"/><counter type="METHOD" missed="5" covered="25"/><counter type="CLASS" missed="0" covered="1"/></class><class name="com/example/demoaether/OrekitInitializer" sourcefilename="OrekitInitializer.java"><method name="&lt;init&gt;" desc="()V" line="23"><counter type="INSTRUCTION" missed="3" covered="0"/><counter type="LINE" missed="1" covered="0"/><counter type="COMPLEXITY" missed="1" covered="0"/><counter type="METHOD" missed="1" covered="0"/></method><method name="initialize" desc="()V" line="32"><counter type="INSTRUCTION" missed="14" covered="29"/><counter type="BRANCH" missed="2" covered="4"/><counter type="LINE" missed="4" covered="11"/><counter type="COMPLEXITY" missed="2" covered="2"/><counter type="METHOD" missed="0" covered="1"/></method><method name="locateOrekitData" desc="()Ljava/io/File;" line="66"><counter type="INSTRUCTION" missed="19" covered="10"/><counter type="BRANCH" missed="5" covered="1"/><counter type="LINE" missed="4" covered="3"/><counter type="COMPLEXITY" missed="3" covered="1"/><counter type="METHOD" missed="0" covered="1"/></method><counter type="INSTRUCTION" missed="36" covered="39"/><counter type="BRANCH" missed="7" covered="5"/><counter type="LINE" missed="9" covered="14"/><counter type="COMPLEXITY" missed="6" covered="3"/><counter type="METHOD" missed="1" covered="2"/><counter type="CLASS" missed="0" covered="1"/></class><class name="com/example/demoaether/OrbitFactory" sourcefilename="OrbitFactory.java"><method name="&lt;init&gt;" desc="()V" line="23"><counter type="INSTRUCTION" missed="3" covered="0"/><counter type="LINE" missed="1" covered="0"/><counter type="COMPLEXITY" missed="1" covered="0"/><counter type="METHOD" missed="1" covered="0"/></method><method name="createInitialOrbit" desc="(Lcom/example/demoaether/MissionConfig;)Lorg/orekit/orbits/Orbit;" line="33"><counter type="INSTRUCTION" missed="0" covered="59"/><counter type="LINE" missed="0" covered="12"/><counter type="COMPLEXITY" missed="0" covered="1"/><counter type="METHOD" missed="0" covered="1"/></method><counter type="INSTRUCTION" missed="3" covered="59"/><counter type="LINE" missed="1" covered="12"/><counter type="COMPLEXITY" missed="1" covered="1"/><counter type="METHOD" missed="1" covered="1"/><counter type="CLASS" missed="0" covered="1"/></class><class name="com/example/demoaether/SimulationListener" sourcefilename="SimulationListener.java"/><class name="com/example/demoaether/MissionState" sourcefilename="MissionState.java"><method name="&lt;init&gt;" desc="()V" line="39"><counter type="INSTRUCTION" missed="3" covered="0"/><counter type="LINE" missed="2" covered="0"/><counter type="COMPLEXITY" missed="1" covered="0"/><counter type="METHOD" missed="1" covered="0"/></method><method name="&lt;init&gt;" desc="(DDDDDDDD)V" line="52"><counter type="INSTRUCTION" missed="0" covered="14"/><counter type="LINE" missed="0" covered="2"/><counter type="COMPLEXITY" missed="0" covered="1"/><counter type="METHOD" missed="0" covered="1"/></method><method name="&lt;init&gt;" desc="(DDDDDDDDDDD)V" line="74"><counter type="INSTRUCTION" missed="0" covered="36"/><counter type="LINE" missed="0" covered="13"/><counter type="COMPLEXITY" missed="0" covered="1"/><counter type="METHOD" missed="0" covered="1"/></method><method name="getElapsedTime" desc="()D" line="91"><counter type="INSTRUCTION" missed="0" covered="3"/><counter type="LINE" missed="0" covered="1"/><counter type="COMPLEXITY" missed="0" covered="1"/><counter type="METHOD" missed="0" covered="1"/></method><method name="setElapsedTime" desc="(D)V" line="95"><counter type="INSTRUCTION" missed="4" covered="0"/><counter type="LINE" missed="2" covered="0"/><counter type="COMPLEXITY" missed="1" covered="0"/><counter type="METHOD" missed="1" covered="0"/></method><method name="getX" desc="()D" line="99"><counter type="INSTRUCTION" missed="0" covered="3"/><counter type="LINE" missed="0" covered="1"/><counter type="COMPLEXITY" missed="0" covered="1"/><counter type="METHOD" missed="0" covered="1"/></method><method name="setX" desc="(D)V" line="103"><counter type="INSTRUCTION" missed="4" covered="0"/><counter type="LINE" missed="2" covered="0"/><counter type="COMPLEXITY" missed="1" covered="0"/><counter type="METHOD" missed="1" covered="0"/></method><method name="getY" desc="()D" line="107"><counter type="INSTRUCTION" missed="0" covered="3"/><counter type="LINE" missed="0" covered="1"/><counter type="COMPLEXITY" missed="0" covered="1"/><counter type="METHOD" missed="0" covered="1"/></method><method name="setY" desc="(D)V" line="111"><counter type="INSTRUCTION" missed="4" covered="0"/><counter type="LINE" missed="2" covered="0"/><counter type="COMPLEXITY" missed="1" covered="0"/><counter type="METHOD" missed="1" covered="0"/></method><method name="getZ" desc="()D" line="115"><counter type="INSTRUCTION" missed="0" covered="3"/><counter type="LINE" missed="0" covered="1"/><counter type="COMPLEXITY" missed="0" covered="1"/><counter type="METHOD" missed="0" covered="1"/></method><method name="setZ" desc="(D)V" line="119"><counter type="INSTRUCTION" missed="4" covered="0"/><counter type="LINE" missed="2" covered="0"/><counter type="COMPLEXITY" missed="1" covered="0"/><counter type="METHOD" missed="1" covered="0"/></method><method name="getVelocity" desc="()D" line="123"><counter type="INSTRUCTION" missed="0" covered="3"/><counter type="LINE" missed="0" covered="1"/><counter type="COMPLEXITY" missed="0" covered="1"/><counter type="METHOD" missed="0" covered="1"/></method><method name="setVelocity" desc="(D)V" line="127"><counter type="INSTRUCTION" missed="4" covered="0"/><counter type="LINE" missed="2" covered="0"/><counter type="COMPLEXITY" missed="1" covered="0"/><counter type="METHOD" missed="1" covered="0"/></method><method name="getDistanceEarth" desc="()D" line="131"><counter type="INSTRUCTION" missed="0" covered="3"/><counter type="LINE" missed="0" covered="1"/><counter type="COMPLEXITY" missed="0" covered="1"/><counter type="METHOD" missed="0" covered="1"/></method><method name="setDistanceEarth" desc="(D)V" line="135"><counter type="INSTRUCTION" missed="4" covered="0"/><counter type="LINE" missed="2" covered="0"/><counter type="COMPLEXITY" missed="1" covered="0"/><counter type="METHOD" missed="1" covered="0"/></method><method name="getDistanceMoon" desc="()D" line="139"><counter type="INSTRUCTION" missed="0" covered="3"/><counter type="LINE" missed="0" covered="1"/><counter type="COMPLEXITY" missed="0" covered="1"/><counter type="METHOD" missed="0" covered="1"/></method><method name="setDistanceMoon" desc="(D)V" line="143"><counter type="INSTRUCTION" missed="4" covered="0"/><counter type="LINE" missed="2" covered="0"/><counter type="COMPLEXITY" missed="1" covered="0"/><counter type="METHOD" missed="1" covered="0"/></method><method name="getAltitude" desc="()D" line="147"><counter type="INSTRUCTION" missed="0" covered="3"/><counter type="LINE" missed="0" covered="1"/><counter type="COMPLEXITY" missed="0" covered="1"/><counter type="METHOD" missed="0" covered="1"/></method><method name="setAltitude" desc="(D)V" line="151"><counter type="INSTRUCTION" missed="4" covered="0"/><counter type="LINE" missed="2" covered="0"/><counter type="COMPLEXITY" missed="1" covered="0"/><counter type="METHOD" missed="1" covered="0"/></method><method name="getMoonX" desc="()D" line="155"><counter type="INSTRUCTION" missed="0" covered="3"/><counter type="LINE" missed="0" covered="1"/><counter type="COMPLEXITY" missed="0" covered="1"/><counter type="METHOD" missed="0" covered="1"/></method><method name="getMoonY" desc="()D" line="159"><counter type="INSTRUCTION" missed="0" covered="3"/><counter type="LINE" missed="0" covered="1"/><counter type="COMPLEXITY" missed="0" covered="1"/><counter type="METHOD" missed="0" covered="1"/></method><method name="getMoonZ" desc="()D" line="163"><counter type="INSTRUCTION" missed="0" covered="3"/><counter type="LINE" missed="0" covered="1"/><counter type="COMPLEXITY" missed="0" covered="1"/><counter type="METHOD" missed="0" covered="1"/></method><method name="hasMoonPosition" desc="()Z" line="170"><counter type="INSTRUCTION" missed="1" covered="15"/><counter type="BRANCH" missed="3" covered="3"/><counter type="LINE" missed="0" covered="1"/><counter type="COMPLEXITY" missed="3" covered="1"/><counter type="METHOD" missed="0" covered="1"/></method><counter type="INSTRUCTION" missed="36" covered="98"/><counter type="BRANCH" missed="3" covered="3"/><counter type="LINE" missed="18" covered="27"/><counter type="COMPLEXITY" missed="12" covered="14"/><counter type="METHOD" missed="9" covered="14"/><counter type="CLASS" missed="0" covered="1"/></class><class name="com/example/demoaether/MissionTrajectoryProjector" sourcefilename="MissionTrajectoryProjector.java"><method name="&lt;init&gt;" desc="([D[D[D[D[DDLjava/util/List;D)V" line="51"><counter type="INSTRUCTION" missed="0" covered="28"/><counter type="LINE" missed="0" covered="10"/><counter type="COMPLEXITY" missed="0" covered="1"/><counter type="METHOD" missed="0" covered="1"/></method><method name="from" desc="(Lcom/example/demoaether/MissionTrajectory;)Lcom/example/demoaether/MissionTrajectoryProjector;" line="64"><counter type="INSTRUCTION" missed="20" covered="263"/><counter type="BRANCH" missed="5" covered="7"/><counter type="LINE" missed="3" covered="50"/><counter type="COMPLEXITY" missed="5" covered="2"/><counter type="METHOD" missed="0" covered="1"/></method><method name="project" desc="(Lcom/example/demoaether/MissionState;)[D" line="153"><counter type="INSTRUCTION" missed="0" covered="11"/><counter type="LINE" missed="0" covered="1"/><counter type="COMPLEXITY" missed="0" covered="1"/><counter type="METHOD" missed="0" covered="1"/></method><method name="projectForDisplay" desc="(Lcom/example/demoaether/MissionState;)[D" line="162"><counter type="INSTRUCTION" missed="0" covered="7"/><counter type="LINE" missed="0" covered="1"/><counter type="COMPLEXITY" missed="0" covered="1"/><counter type="METHOD" missed="0" covered="1"/></method><method name="projectMoonForDisplay" desc="(Lcom/example/demoaether/MissionState;)[D" line="171"><counter type="INSTRUCTION" missed="15" covered="22"/><counter type="BRANCH" missed="2" covered="2"/><counter type="LINE" missed="1" covered="3"/><counter type="COMPLEXITY" missed="2" covered="1"/><counter type="METHOD" missed="0" covered="1"/></method><method name="projectMoonPhysical" desc="(Lcom/example/demoaether/MissionState;)[D" line="184"><counter type="INSTRUCTION" missed="15" covered="22"/><counter type="BRANCH" missed="2" covered="2"/><counter type="LINE" missed="1" covered="3"/><counter type="COMPLEXITY" missed="2" covered="1"/><counter type="METHOD" missed="0" covered="1"/></method><method name="scaleDistance" desc="(D)D" line="200"><counter type="INSTRUCTION" missed="5" covered="12"/><counter type="BRANCH" missed="2" covered="2"/><counter type="LINE" missed="1" covered="2"/><counter type="COMPLEXITY" missed="2" covered="1"/><counter type="METHOD" missed="0" covered="1"/></method><method name="getDisplayPoints" desc="()Ljava/util/List;" line="207"><counter type="INSTRUCTION" missed="0" covered="3"/><counter type="LINE" missed="0" covered="1"/><counter type="COMPLEXITY" missed="0" covered="1"/><counter type="METHOD" missed="0" covered="1"/></method><method name="getEncounterElapsedSeconds" desc="()D" line="211"><counter type="INSTRUCTION" missed="3" covered="0"/><counter type="LINE" missed="1" covered="0"/><counter type="COMPLEXITY" missed="1" covered="0"/><counter type="METHOD" missed="1" covered="0"/></method><method name="project" desc="(Lcom/example/demoaether/MissionState;[D[D[DD)[D" line="220"><counter type="INSTRUCTION" missed="0" covered="8"/><counter type="LINE" missed="0" covered="1"/><counter type="COMPLEXITY" missed="0" covered="1"/><counter type="METHOD" missed="0" covered="1"/></method><method name="projectPosition" desc="([D[D[D[DD)[D" line="229"><counter type="INSTRUCTION" missed="0" covered="29"/><counter type="LINE" missed="0" covered="4"/><counter type="COMPLEXITY" missed="0" covered="1"/><counter type="METHOD" missed="0" covered="1"/></method><method name="applyDisplayLens" desc="([DD)[D" line="242"><counter type="INSTRUCTION" missed="0" covered="18"/><counter type="LINE" missed="0" covered="2"/><counter type="COMPLEXITY" missed="0" covered="1"/><counter type="METHOD" missed="0" covered="1"/></method><method name="expandNearBody" desc="([DDDDD)[D" line="268"><counter type="INSTRUCTION" missed="18" covered="113"/><counter type="BRANCH" missed="2" covered="4"/><counter type="LINE" missed="1" covered="16"/><counter type="COMPLEXITY" missed="2" covered="2"/><counter type="METHOD" missed="0" covered="1"/></method><method name="findLunarEncounter" desc="(Ljava/util/List;)I" line="297"><counter type="INSTRUCTION" missed="0" covered="26"/><counter type="BRANCH" missed="0" covered="4"/><counter type="LINE" missed="0" covered="5"/><counter type="COMPLEXITY" missed="0" covered="3"/><counter type="METHOD" missed="0" covered="1"/></method><method name="displayIndexes" desc="(Ljava/util/List;I)Ljava/util/List;" line="307"><counter type="INSTRUCTION" missed="0" covered="121"/><counter type="BRANCH" missed="1" covered="23"/><counter type="LINE" missed="0" covered="18"/><counter type="COMPLEXITY" missed="1" covered="12"/><counter type="METHOD" missed="0" covered="1"/></method><method name="position" desc="(Lcom/example/demoaether/MissionState;)[D" line="330"><counter type="INSTRUCTION" missed="0" covered="8"/><counter type="LINE" missed="0" covered="1"/><counter type="COMPLEXITY" missed="0" covered="1"/><counter type="METHOD" missed="0" covered="1"/></method><method name="moonPosition" desc="(Lcom/example/demoaether/MissionState;)[D" line="334"><counter type="INSTRUCTION" missed="2" covered="12"/><counter type="BRANCH" missed="1" covered="1"/><counter type="LINE" missed="1" covered="2"/><counter type="COMPLEXITY" missed="1" covered="1"/><counter type="METHOD" missed="0" covered="1"/></method><method name="findNearestElapsedIndex" desc="(Ljava/util/List;D)I" line="341"><counter type="INSTRUCTION" missed="0" covered="31"/><counter type="BRANCH" missed="0" covered="4"/><counter type="LINE" missed="0" covered="8"/><counter type="COMPLEXITY" missed="0" covered="3"/><counter type="METHOD" missed="0" covered="1"/></method><method name="balancedViewAxis" desc="([D[D[D[D)[D" line="362"><counter type="INSTRUCTION" missed="0" covered="29"/><counter type="BRANCH" missed="1" covered="1"/><counter type="LINE" missed="0" covered="6"/><counter type="COMPLEXITY" missed="1" covered="1"/><counter type="METHOD" missed="0" covered="1"/></method><method name="removeComponent" desc="([D[D)[D" line="372"><counter type="INSTRUCTION" missed="0" covered="8"/><counter type="LINE" missed="0" covered="1"/><counter type="COMPLEXITY" missed="0" covered="1"/><counter type="METHOD" missed="0" covered="1"/></method><method name="perpendicularTo" desc="([D)[D" line="376"><counter type="INSTRUCTION" missed="4" covered="17"/><counter type="BRANCH" missed="1" covered="1"/><counter type="LINE" missed="0" covered="4"/><counter type="COMPLEXITY" missed="1" covered="1"/><counter type="METHOD" missed="0" covered="1"/></method><method name="vector" desc="(DDD)[D" line="383"><counter type="INSTRUCTION" missed="0" covered="15"/><counter type="LINE" missed="0" covered="1"/><counter type="COMPLEXITY" missed="0" covered="1"/><counter type="METHOD" missed="0" covered="1"/></method><method name="subtract" desc="([D[D)[D" line="387"><counter type="INSTRUCTION" missed="0" covered="23"/><counter type="LINE" missed="0" covered="1"/><counter type="COMPLEXITY" missed="0" covered="1"/><counter type="METHOD" missed="0" covered="1"/></method><method name="add" desc="([D[D)[D" line="391"><counter type="INSTRUCTION" missed="0" covered="23"/><counter type="LINE" missed="0" covered="1"/><counter type="COMPLEXITY" missed="0" covered="1"/><counter type="METHOD" missed="0" covered="1"/></method><method name="multiply" desc="([DD)[D" line="395"><counter type="INSTRUCTION" missed="0" covered="27"/><counter type="LINE" missed="0" covered="1"/><counter type="COMPLEXITY" missed="0" covered="1"/><counter type="METHOD" missed="0" covered="1"/></method><method name="dot" desc="([D[D)D" line="399"><counter type="INSTRUCTION" missed="0" covered="24"/><counter type="LINE" missed="0" covered="1"/><counter type="COMPLEXITY" missed="0" covered="1"/><counter type="METHOD" missed="0" covered="1"/></method><method name="cross" desc="([D[D)[D" line="403"><counter type="INSTRUCTION" missed="0" covered="47"/><counter type="LINE" missed="0" covered="1"/><counter type="COMPLEXITY" missed="0" covered="1"/><counter type="METHOD" missed="0" covered="1"/></method><method name="norm" desc="([D)D" line="411"><counter type="INSTRUCTION" missed="0" covered="5"/><counter type="LINE" missed="0" covered="1"/><counter type="COMPLEXITY" missed="0" covered="1"/><counter type="METHOD" missed="0" covered="1"/></method><method name="clamp" desc="(DDD)D" line="415"><counter type="INSTRUCTION" missed="0" covered="6"/><counter type="LINE" missed="0" covered="1"/><counter type="COMPLEXITY" missed="0" covered="1"/><counter type="METHOD" missed="0" covered="1"/></method><method name="normalize" desc="([D[D)[D" line="419"><counter type="INSTRUCTION" missed="2" covered="13"/><counter type="BRANCH" missed="1" covered="1"/><counter type="LINE" missed="0" covered="2"/><counter type="COMPLEXITY" missed="1" covered="1"/><counter type="METHOD" missed="0" covered="1"/></method><counter type="INSTRUCTION" missed="84" covered="971"/><counter type="BRANCH" missed="18" covered="52"/><counter type="LINE" missed="9" covered="149"/><counter type="COMPLEXITY" missed="19" covered="46"/><counter type="METHOD" missed="1" covered="29"/><counter type="CLASS" missed="0" covered="1"/></class><class name="com/example/demoaether/OrekitTrajectoryPlanner" sourcefilename="OrekitTrajectoryPlanner.java"><method name="precompute" desc="(Lcom/example/demoaether/MissionConfig;)Lcom/example/demoaether/MissionTrajectory;" line="65"><counter type="INSTRUCTION" missed="0" covered="63"/><counter type="LINE" missed="0" covered="13"/><counter type="COMPLEXITY" missed="0" covered="1"/><counter type="METHOD" missed="0" covered="1"/></method><method name="describeForceModels" desc="(Lcom/example/demoaether/MissionConfig;)Ljava/util/List;" line="94"><counter type="INSTRUCTION" missed="0" covered="15"/><counter type="LINE" missed="0" covered="5"/><counter type="COMPLEXITY" missed="0" covered="1"/><counter type="METHOD" missed="0" covered="1"/></method><method name="reentryInterfaceAltitudeKm" desc="()D" line="111"><counter type="INSTRUCTION" missed="0" covered="2"/><counter type="LINE" missed="0" covered="1"/><counter type="COMPLEXITY" missed="0" covered="1"/><counter type="METHOD" missed="0" covered="1"/></method><method name="createPropagator" desc="(Lorg/orekit/orbits/Orbit;Lcom/example/demoaether/MissionConfig;)Lorg/orekit/propagation/numerical/NumericalPropagator;" line="116"><counter type="INSTRUCTION" missed="0" covered="107"/><counter type="LINE" missed="0" covered="16"/><counter type="COMPLEXITY" missed="0" covered="1"/><counter type="METHOD" missed="0" covered="1"/></method><method name="createReentryDetector" desc="(Ljava/util/List;)Lorg/orekit/propagation/events/AltitudeDetector;" line="152"><counter type="INSTRUCTION" missed="0" covered="19"/><counter type="LINE" missed="0" covered="3"/><counter type="COMPLEXITY" missed="0" covered="1"/><counter type="METHOD" missed="0" covered="1"/></method><method name="stateFromSpacecraftState" desc="(Lorg/orekit/propagation/SpacecraftState;Lorg/orekit/time/AbsoluteDate;)Lcom/example/demoaether/MissionState;" line="167"><counter type="INSTRUCTION" missed="0" covered="73"/><counter type="LINE" missed="0" covered="15"/><counter type="COMPLEXITY" missed="0" covered="1"/><counter type="METHOD" missed="0" covered="1"/></method><method name="moonPosition" desc="(Lorg/orekit/frames/Frame;Lorg/orekit/time/AbsoluteDate;)Lorg/hipparchus/geometry/euclidean/threed/Vector3D;" line="191"><counter type="INSTRUCTION" missed="0" covered="8"/><counter type="LINE" missed="0" covered="2"/><counter type="COMPLEXITY" missed="0" covered="1"/><counter type="METHOD" missed="0" covered="1"/></method><method name="addLunarPeriapsisEvent" desc="(Ljava/util/List;Ljava/util/List;)V" line="197"><counter type="INSTRUCTION" missed="0" covered="46"/><counter type="BRANCH" missed="1" covered="7"/><counter type="LINE" missed="0" covered="10"/><counter type="COMPLEXITY" missed="1" covered="4"/><counter type="METHOD" missed="0" covered="1"/></method><method name="lambda$createReentryDetector$2" desc="(Ljava/util/List;Lorg/orekit/propagation/SpacecraftState;Lorg/orekit/propagation/events/EventDetector;Z)Lorg/hipparchus/ode/events/Action;" line="158"><counter type="INSTRUCTION" missed="11" covered="0"/><counter type="BRANCH" missed="2" covered="0"/><counter type="LINE" missed="3" covered="0"/><counter type="COMPLEXITY" missed="2" covered="0"/><counter type="METHOD" missed="1" covered="0"/></method><method name="lambda$describeForceModels$1" desc="(Lorg/orekit/forces/ForceModel;)Ljava/lang/String;" line="97"><counter type="INSTRUCTION" missed="0" covered="4"/><counter type="LINE" missed="0" covered="1"/><counter type="COMPLEXITY" missed="0" covered="1"/><counter type="METHOD" missed="0" covered="1"/></method><method name="lambda$precompute$0" desc="(Lorg/orekit/time/AbsoluteDate;Ljava/util/List;Lorg/orekit/propagation/SpacecraftState;)V" line="76"><counter type="INSTRUCTION" missed="0" covered="9"/><counter type="LINE" missed="0" covered="3"/><counter type="COMPLEXITY" missed="0" covered="1"/><counter type="METHOD" missed="0" covered="1"/></method><counter type="INSTRUCTION" missed="11" covered="346"/><counter type="BRANCH" missed="3" covered="7"/><counter type="LINE" missed="3" covered="68"/><counter type="COMPLEXITY" missed="3" covered="13"/><counter type="METHOD" missed="1" covered="10"/><counter type="CLASS" missed="0" covered="1"/></class><class name="com/example/demoaether/MissionSimulator" sourcefilename="MissionSimulator.java"><method name="&lt;init&gt;" desc="(Lcom/example/demoaether/MissionConfig;)V" line="47"><counter type="INSTRUCTION" missed="0" covered="6"/><counter type="LINE" missed="0" covered="3"/><counter type="COMPLEXITY" missed="0" covered="1"/><counter type="METHOD" missed="0" covered="1"/></method><method name="setSimulationListener" desc="(Lcom/example/demoaether/SimulationListener;)V" line="58"><counter type="INSTRUCTION" missed="0" covered="4"/><counter type="LINE" missed="0" covered="2"/><counter type="COMPLEXITY" missed="0" covered="1"/><counter type="METHOD" missed="0" covered="1"/></method><method name="getCurrentState" desc="()Lcom/example/demoaether/MissionState;" line="67"><counter type="INSTRUCTION" missed="3" covered="0"/><counter type="LINE" missed="1" covered="0"/><counter type="COMPLEXITY" missed="1" covered="0"/><counter type="METHOD" missed="1" covered="0"/></method><method name="isRunning" desc="()Z" line="76"><counter type="INSTRUCTION" missed="3" covered="0"/><counter type="LINE" missed="1" covered="0"/><counter type="COMPLEXITY" missed="1" covered="0"/><counter type="METHOD" missed="1" covered="0"/></method><method name="isPaused" desc="()Z" line="85"><counter type="INSTRUCTION" missed="3" covered="0"/><counter type="LINE" missed="1" covered="0"/><counter type="COMPLEXITY" missed="1" covered="0"/><counter type="METHOD" missed="1" covered="0"/></method><method name="togglePaused" desc="()V" line="92"><counter type="INSTRUCTION" missed="9" covered="0"/><counter type="BRANCH" missed="2" covered="0"/><counter type="LINE" missed="2" covered="0"/><counter type="COMPLEXITY" missed="2" covered="0"/><counter type="METHOD" missed="1" covered="0"/></method><method name="setPaused" desc="(Z)V" line="97"><counter type="INSTRUCTION" missed="4" covered="0"/><counter type="LINE" missed="2" covered="0"/><counter type="COMPLEXITY" missed="1" covered="0"/><counter type="METHOD" missed="1" covered="0"/></method><method name="calculateInitialState" desc="(Lcom/example/demoaether/MissionConfig;)Lcom/example/demoaether/MissionState;" line="107"><counter type="INSTRUCTION" missed="5" covered="13"/><counter type="BRANCH" missed="1" covered="1"/><counter type="LINE" missed="1" covered="3"/><counter type="COMPLEXITY" missed="1" covered="1"/><counter type="METHOD" missed="0" covered="1"/></method><method name="prepareTrajectory" desc="()Lcom/example/demoaether/MissionTrajectory;" line="122"><counter type="INSTRUCTION" missed="0" covered="20"/><counter type="BRANCH" missed="1" covered="1"/><counter type="LINE" missed="0" covered="7"/><counter type="COMPLEXITY" missed="1" covered="1"/><counter type="METHOD" missed="0" covered="1"/></method><method name="publishState" desc="(Lcom/example/demoaether/MissionState;)V" line="134"><counter type="INSTRUCTION" missed="1" covered="16"/><counter type="BRANCH" missed="3" covered="3"/><counter type="LINE" missed="1" covered="5"/><counter type="COMPLEXITY" missed="3" covered="1"/><counter type="METHOD" missed="0" covered="1"/></method><method name="completeSimulation" desc="()V" line="145"><counter type="INSTRUCTION" missed="17" covered="0"/><counter type="BRANCH" missed="4" covered="0"/><counter type="LINE" missed="7" covered="0"/><counter type="COMPLEXITY" missed="3" covered="0"/><counter type="METHOD" missed="1" covered="0"/></method><method name="failSimulation" desc="(Ljava/lang/Exception;)V" line="157"><counter type="INSTRUCTION" missed="14" covered="0"/><counter type="BRANCH" missed="2" covered="0"/><counter type="LINE" missed="5" covered="0"/><counter type="COMPLEXITY" missed="2" covered="0"/><counter type="METHOD" missed="1" covered="0"/></method><method name="startSimulation" desc="()V" line="173"><counter type="INSTRUCTION" missed="12" covered="58"/><counter type="BRANCH" missed="6" covered="6"/><counter type="LINE" missed="4" covered="14"/><counter type="COMPLEXITY" missed="5" covered="2"/><counter type="METHOD" missed="0" covered="1"/></method><method name="stopSimulation" desc="()V" line="203"><counter type="INSTRUCTION" missed="0" covered="7"/><counter type="LINE" missed="0" covered="3"/><counter type="COMPLEXITY" missed="0" covered="1"/><counter type="METHOD" missed="0" covered="1"/></method><method name="calculateVisualDelayMillis" desc="(DI)J" line="209"><counter type="INSTRUCTION" missed="0" covered="18"/><counter type="LINE" missed="0" covered="3"/><counter type="COMPLEXITY" missed="0" covered="1"/><counter type="METHOD" missed="0" covered="1"/></method><method name="writeTrajectoryLog" desc="(Lcom/example/demoaether/MissionTrajectory;)V" line="216"><counter type="INSTRUCTION" missed="0" covered="29"/><counter type="BRANCH" missed="0" covered="2"/><counter type="LINE" missed="0" covered="7"/><counter type="COMPLEXITY" missed="0" covered="2"/><counter type="METHOD" missed="0" covered="1"/></method><method name="copyWithElapsedTime" desc="(Lcom/example/demoaether/MissionState;D)Lcom/example/demoaether/MissionState;" line="230"><counter type="INSTRUCTION" missed="19" covered="0"/><counter type="LINE" missed="8" covered="0"/><counter type="COMPLEXITY" missed="1" covered="0"/><counter type="METHOD" missed="1" covered="0"/></method><method name="fallbackInitialState" desc="(Lcom/example/demoaether/MissionConfig;)Lcom/example/demoaether/MissionState;" line="244"><counter type="INSTRUCTION" missed="24" covered="0"/><counter type="LINE" missed="5" covered="0"/><counter type="COMPLEXITY" missed="1" covered="0"/><counter type="METHOD" missed="1" covered="0"/></method><method name="buildTrajectorySafely" desc="()Lcom/example/demoaether/MissionTrajectory;" line="259"><counter type="INSTRUCTION" missed="0" covered="4"/><counter type="LINE" missed="0" covered="1"/><counter type="COMPLEXITY" missed="0" covered="1"/><counter type="METHOD" missed="0" covered="1"/></method><method name="buildTrajectory" desc="(Lcom/example/demoaether/MissionConfig;)Lcom/example/demoaether/MissionTrajectory;" line="264"><counter type="INSTRUCTION" missed="0" covered="10"/><counter type="BRANCH" missed="0" covered="2"/><counter type="LINE" missed="0" covered="4"/><counter type="COMPLEXITY" missed="0" covered="2"/><counter type="METHOD" missed="0" covered="1"/></method><method name="usesPresentationTrajectory" desc="()Z" line="273"><counter type="INSTRUCTION" missed="2" covered="0"/><counter type="LINE" missed="1" covered="0"/><counter type="COMPLEXITY" missed="1" covered="0"/><counter type="METHOD" missed="1" covered="0"/></method><method name="createDemoFlybyTrajectory" desc="()Lcom/example/demoaether/MissionTrajectory;" line="278"><counter type="INSTRUCTION" missed="54" covered="0"/><counter type="BRANCH" missed="2" covered="0"/><counter type="LINE" missed="9" covered="0"/><counter type="COMPLEXITY" missed="2" covered="0"/><counter type="METHOD" missed="1" covered="0"/></method><method name="stateFromSpacecraftState" desc="(Lorg/orekit/propagation/SpacecraftState;I)Lcom/example/demoaether/MissionState;" line="292"><counter type="INSTRUCTION" missed="60" covered="0"/><counter type="LINE" missed="10" covered="0"/><counter type="COMPLEXITY" missed="1" covered="0"/><counter type="METHOD" missed="1" covered="0"/></method><method name="stateFromOrbit" desc="(Lorg/orekit/orbits/Orbit;I)Lcom/example/demoaether/MissionState;" line="315"><counter type="INSTRUCTION" missed="55" covered="0"/><counter type="LINE" missed="9" covered="0"/><counter type="COMPLEXITY" missed="1" covered="0"/><counter type="METHOD" missed="1" covered="0"/></method><method name="stateFromConfig" desc="(I)Lcom/example/demoaether/MissionState;" line="337"><counter type="INSTRUCTION" missed="28" covered="0"/><counter type="LINE" missed="5" covered="0"/><counter type="COMPLEXITY" missed="1" covered="0"/><counter type="METHOD" missed="1" covered="0"/></method><method name="createFallbackTrajectory" desc="(Ljava/lang/RuntimeException;)Lcom/example/demoaether/MissionTrajectory;" line="353"><counter type="INSTRUCTION" missed="57" covered="0"/><counter type="BRANCH" missed="2" covered="0"/><counter type="LINE" missed="9" covered="0"/><counter type="COMPLEXITY" missed="2" covered="0"/><counter type="METHOD" missed="1" covered="0"/></method><method name="safeExceptionSummary" desc="(Ljava/lang/Throwable;)Ljava/lang/String;" line="368"><counter type="INSTRUCTION" missed="24" covered="0"/><counter type="BRANCH" missed="6" covered="0"/><counter type="LINE" missed="6" covered="0"/><counter type="COMPLEXITY" missed="4" covered="0"/><counter type="METHOD" missed="1" covered="0"/></method><method name="stateFromMissionProgress" desc="(II)Lcom/example/demoaether/MissionState;" line="380"><counter type="INSTRUCTION" missed="191" covered="0"/><counter type="BRANCH" missed="4" covered="0"/><counter type="LINE" missed="29" covered="0"/><counter type="COMPLEXITY" missed="3" covered="0"/><counter type="METHOD" missed="1" covered="0"/></method><method name="smoothStep" desc="(D)D" line="429"><counter type="INSTRUCTION" missed="16" covered="0"/><counter type="LINE" missed="2" covered="0"/><counter type="COMPLEXITY" missed="1" covered="0"/><counter type="METHOD" missed="1" covered="0"/></method><method name="createNumericalPropagator" desc="(Lorg/orekit/orbits/Orbit;Lcom/example/demoaether/MissionConfig;)Lorg/orekit/propagation/numerical/NumericalPropagator;" line="435"><counter type="INSTRUCTION" missed="64" covered="0"/><counter type="LINE" missed="10" covered="0"/><counter type="COMPLEXITY" missed="1" covered="0"/><counter type="METHOD" missed="1" covered="0"/></method><method name="distanceToMoonKm" desc="(Lorg/orekit/utils/PVCoordinates;Lorg/orekit/frames/Frame;Lorg/orekit/time/AbsoluteDate;)D" line="454"><counter type="INSTRUCTION" missed="15" covered="0"/><counter type="LINE" missed="3" covered="0"/><counter type="COMPLEXITY" missed="1" covered="0"/><counter type="METHOD" missed="1" covered="0"/></method><counter type="INSTRUCTION" missed="680" covered="185"/><counter type="BRANCH" missed="33" covered="15"/><counter type="LINE" missed="131" covered="52"/><counter type="COMPLEXITY" missed="41" covered="14"/><counter type="METHOD" missed="20" covered="11"/><counter type="CLASS" missed="0" covered="1"/></class><sourcefile name="OrbitFactory.java"><line nr="23" mi="3" ci="0" mb="0" cb="0"/><line nr="33" mi="0" ci="2" mb="0" cb="0"/><line nr="35" mi="0" ci="2" mb="0" cb="0"/><line nr="36" mi="0" ci="11" mb="0" cb="0"/><line nr="37" mi="0" ci="2" mb="0" cb="0"/><line nr="38" mi="0" ci="7" mb="0" cb="0"/><line nr="39" mi="0" ci="3" mb="0" cb="0"/><line nr="40" mi="0" ci="6" mb="0" cb="0"/><line nr="41" mi="0" ci="4" mb="0" cb="0"/><line nr="42" mi="0" ci="4" mb="0" cb="0"/><line nr="43" mi="0" ci="2" mb="0" cb="0"/><line nr="44" mi="0" ci="2" mb="0" cb="0"/><line nr="46" mi="0" ci="14" mb="0" cb="0"/><counter type="INSTRUCTION" missed="3" covered="59"/><counter type="LINE" missed="1" covered="12"/><counter type="COMPLEXITY" missed="1" covered="1"/><counter type="METHOD" missed="1" covered="1"/><counter type="CLASS" missed="0" covered="1"/></sourcefile><sourcefile name="ArtemisReferenceTrajectoryLoader.java"><line nr="44" mi="0" ci="3" mb="0" cb="0"/><line nr="53" mi="0" ci="2" mb="0" cb="0"/><line nr="54" mi="0" ci="2" mb="0" cb="2"/><line nr="55" mi="0" ci="2" mb="0" cb="0"/><line nr="58" mi="0" ci="4" mb="0" cb="0"/><line nr="59" mi="0" ci="2" mb="1" cb="1"/><line nr="60" mi="0" ci="2" mb="0" cb="0"/><line nr="62" mi="0" ci="4" mb="0" cb="0"/><line nr="67" mi="0" ci="1" mb="0" cb="0"/><line nr="68" mi="0" ci="8" mb="0" cb="0"/><line nr="69" mi="0" ci="4" mb="0" cb="0"/><line nr="70" mi="0" ci="1" mb="0" cb="0"/><line nr="71" mi="0" ci="2" mb="0" cb="0"/><line nr="72" mi="0" ci="2" mb="0" cb="0"/><line nr="74" mi="0" ci="4" mb="0" cb="0"/><line nr="75" mi="0" ci="2" mb="0" cb="0"/><line nr="76" mi="0" ci="11" mb="0" cb="2"/><line nr="77" mi="0" ci="3" mb="0" cb="0"/><line nr="78" mi="0" ci="11" mb="0" cb="2"/><line nr="79" mi="0" ci="2" mb="0" cb="2"/><line nr="80" mi="0" ci="3" mb="0" cb="0"/><line nr="82" mi="0" ci="4" mb="0" cb="2"/><line nr="83" mi="0" ci="5" mb="0" cb="0"/><line nr="84" mi="0" ci="8" mb="1" cb="1"/><line nr="85" mi="1" ci="0" mb="0" cb="0"/><line nr="87" mi="0" ci="7" mb="0" cb="0"/><line nr="88" mi="0" ci="1" mb="0" cb="0"/><line nr="89" mi="0" ci="1" mb="0" cb="0"/><line nr="91" mi="0" ci="4" mb="1" cb="1"/><line nr="92" mi="5" ci="0" mb="0" cb="0"/><line nr="95" mi="0" ci="3" mb="0" cb="0"/><line nr="96" mi="0" ci="7" mb="0" cb="0"/><line nr="100" mi="0" ci="4" mb="0" cb="0"/><line nr="101" mi="0" ci="2" mb="1" cb="1"/><line nr="102" mi="5" ci="0" mb="0" cb="0"/><line nr="104" mi="0" ci="2" mb="0" cb="0"/><line nr="111" mi="0" ci="2" mb="0" cb="0"/><line nr="112" mi="0" ci="7" mb="0" cb="0"/><line nr="113" mi="0" ci="3" mb="0" cb="0"/><line nr="114" mi="0" ci="5" mb="0" cb="0"/><line nr="115" mi="0" ci="6" mb="0" cb="0"/><line nr="117" mi="0" ci="4" mb="0" cb="0"/><line nr="118" mi="0" ci="4" mb="0" cb="0"/><line nr="119" mi="0" ci="4" mb="0" cb="0"/><line nr="120" mi="0" ci="4" mb="0" cb="0"/><line nr="121" mi="0" ci="4" mb="0" cb="0"/><line nr="122" mi="0" ci="10" mb="0" cb="0"/><line nr="126" mi="0" ci="4" mb="0" cb="0"/><line nr="127" mi="0" ci="4" mb="0" cb="0"/><line nr="128" mi="0" ci="4" mb="0" cb="0"/><line nr="133" mi="0" ci="5" mb="0" cb="0"/><line nr="134" mi="0" ci="5" mb="0" cb="0"/><line nr="135" mi="0" ci="10" mb="0" cb="2"/><line nr="136" mi="0" ci="6" mb="0" cb="2"/><line nr="137" mi="0" ci="2" mb="0" cb="0"/><line nr="139" mi="0" ci="6" mb="0" cb="2"/><line nr="140" mi="0" ci="2" mb="0" cb="0"/><line nr="142" mi="0" ci="1" mb="0" cb="0"/><line nr="144" mi="0" ci="8" mb="0" cb="0"/><line nr="145" mi="0" ci="4" mb="0" cb="0"/><line nr="146" mi="0" ci="4" mb="0" cb="0"/><line nr="147" mi="0" ci="11" mb="0" cb="0"/><line nr="149" mi="0" ci="9" mb="0" cb="0"/><line nr="150" mi="0" ci="11" mb="0" cb="0"/><line nr="152" mi="0" ci="9" mb="0" cb="0"/><line nr="153" mi="0" ci="11" mb="0" cb="0"/><line nr="155" mi="0" ci="9" mb="0" cb="0"/><line nr="156" mi="0" ci="2" mb="0" cb="0"/><counter type="INSTRUCTION" missed="11" covered="303"/><counter type="BRANCH" missed="4" covered="20"/><counter type="LINE" missed="3" covered="65"/><counter type="COMPLEXITY" missed="4" covered="15"/><counter type="METHOD" missed="0" covered="7"/><counter type="CLASS" missed="0" covered="1"/></sourcefile><sourcefile name="TrajectoryPlayback.java"><line nr="28" mi="3" ci="0" mb="0" cb="0"/><
[...]
"0"/><line nr="359" mi="10" ci="0" mb="2" cb="0"/><line nr="360" mi="7" ci="0" mb="0" cb="0"/><line nr="362" mi="7" ci="0" mb="0" cb="0"/><line nr="368" mi="2" ci="0" mb="2" cb="0"/><line nr="369" mi="2" ci="0" mb="0" cb="0"/><line nr="371" mi="3" ci="0" mb="0" cb="0"/><line nr="372" mi="5" ci="0" mb="4" cb="0"/><line nr="373" mi="4" ci="0" mb="0" cb="0"/><line nr="375" mi="8" ci="0" mb="0" cb="0"/><line nr="380" mi="12" ci="0" mb="0" cb="0"/><line nr="386" mi="4" ci="0" mb="2" cb="0"/><line nr="387" mi="5" ci="0" mb="0" cb="0"/><line nr="388" mi="2" ci="0" mb="0" cb="0"/><line nr="389" mi="6" ci="0" mb="0" cb="0"/><line nr="390" mi="9" ci="0" mb="0" cb="0"/><line nr="391" mi="7" ci="0" mb="0" cb="0"/><line nr="392" mi="5" ci="0" mb="2" cb="0"/><line nr="393" mi="6" ci="0" mb="0" cb="0"/><line nr="394" mi="7" ci="0" mb="0" cb="0"/><line nr="395" mi="2" ci="0" mb="0" cb="0"/><line nr="396" mi="7" ci="0" mb="0" cb="0"/><line nr="397" mi="7" ci="0" mb="0" cb="0"/><line nr="398" mi="9" ci="0" mb="0" cb="0"/><line nr="399" mi="1" ci="0" mb="0" cb="0"/><line nr="400" mi="7" ci="0" mb="0" cb="0"/><line nr="401" mi="4" ci="0" mb="0" cb="0"/><line nr="402" mi="6" ci="0" mb="0" cb="0"/><line nr="403" mi="9" ci="0" mb="0" cb="0"/><line nr="404" mi="9" ci="0" mb="0" cb="0"/><line nr="407" mi="9" ci="0" mb="0" cb="0"/><line nr="408" mi="7" ci="0" mb="0" cb="0"/><line nr="409" mi="7" ci="0" mb="0" cb="0"/><line nr="410" mi="8" ci="0" mb="0" cb="0"/><line nr="411" mi="8" ci="0" mb="0" cb="0"/><line nr="412" mi="8" ci="0" mb="0" cb="0"/><line nr="413" mi="5" ci="0" mb="0" cb="0"/><line nr="415" mi="10" ci="0" mb="0" cb="0"/><line nr="420" mi="5" ci="0" mb="0" cb="0"/><line nr="429" mi="6" ci="0" mb="0" cb="0"/><line nr="430" mi="10" ci="0" mb="0" cb="0"/><line nr="435" mi="6" ci="0" mb="0" cb="0"/><line nr="436" mi="5" ci="0" mb="0" cb="0"/><line nr="438" mi="11" ci="0" mb="0" cb="0"/><line nr="442" mi="9" ci="0" mb="0" cb="0"/><line nr="444" mi="5" ci="0" mb="0" cb="0"/><line nr="445" mi="8" ci="0" mb="0" cb="0"/><line nr="446" mi="6" ci="0" mb="0" cb="0"/><line nr="447" mi="6" ci="0" mb="0" cb="0"/><line nr="448" mi="6" ci="0" mb="0" cb="0"/><line nr="449" mi="2" ci="0" mb="0" cb="0"/><line nr="454" mi="2" ci="0" mb="0" cb="0"/><line nr="455" mi="6" ci="0" mb="0" cb="0"/><line nr="456" mi="7" ci="0" mb="0" cb="0"/><counter type="INSTRUCTION" missed="680" covered="185"/><counter type="BRANCH" missed="33" covered="15"/><counter type="LINE" missed="131" covered="52"/><counter type="COMPLEXITY" missed="41" covered="14"/><counter type="METHOD" missed="20" covered="11"/><counter type="CLASS" missed="0" covered="1"/></sourcefile><sourcefile name="MissionEventEntry.java"><line nr="22" mi="2" ci="0" mb="0" cb="0"/><line nr="24" mi="3" ci="0" mb="0" cb="0"/><line nr="25" mi="3" ci="0" mb="0" cb="0"/><line nr="26" mi="3" ci="0" mb="0" cb="0"/><line nr="27" mi="3" ci="0" mb="0" cb="0"/><line nr="28" mi="1" ci="0" mb="0" cb="0"/><line nr="31" mi="3" ci="0" mb="0" cb="0"/><line nr="35" mi="3" ci="0" mb="0" cb="0"/><line nr="39" mi="3" ci="0" mb="0" cb="0"/><line nr="43" mi="3" ci="0" mb="0" cb="0"/><counter type="INSTRUCTION" missed="27" covered="0"/><counter type="LINE" missed="10" covered="0"/><counter type="COMPLEXITY" missed="5" covered="0"/><counter type="METHOD" missed="5" covered="0"/><counter type="CLASS" missed="1" covered="0"/></sourcefile><sourcefile name="OrekitTrajectoryPlanner.java"><line nr="65" mi="0" ci="1" mb="0" cb="0"/><line nr="67" mi="0" ci="3" mb="0" cb="0"/><line nr="68" mi="0" ci="4" mb="0" cb="0"/><line nr="69" mi="0" ci="3" mb="0" cb="0"/><line nr="70" mi="0" ci="8" mb="0" cb="0"/><line nr="71" mi="0" ci="4" mb="0" cb="0"/><line nr="72" mi="0" ci="4" mb="0" cb="0"/><line nr="74" mi="0" ci="8" mb="0" cb="0"/><line nr="75" mi="0" ci="9" mb="0" cb="0"/><line nr="76" mi="0" ci="4" mb="0" cb="0"/><line nr="77" mi="0" ci="4" mb="0" cb="0"/><line nr="78" mi="0" ci="1" mb="0" cb="0"/><line nr="80" mi="0" ci="4" mb="0" cb="0"/><line nr="81" mi="0" ci="5" mb="0" cb="0"/><line nr="82" mi="0" ci="3" mb="0" cb="0"/><line nr="84" mi="0" ci="7" mb="0" cb="0"/><line nr="94" mi="0" ci="1" mb="0" cb="0"/><line nr="95" mi="0" ci="5" mb="0" cb="0"/><line nr="96" mi="0" ci="5" mb="0" cb="0"/><line nr="97" mi="0" ci="5" mb="0" cb="0"/><line nr="98" mi="0" ci="3" mb="0" cb="0"/><line nr="111" mi="0" ci="2" mb="0" cb="0"/><line nr="116" mi="0" ci="5" mb="0" cb="0"/><line nr="117" mi="0" ci="12" mb="0" cb="0"/><line nr="123" mi="0" ci="3" mb="0" cb="0"/><line nr="125" mi="0" ci="5" mb="0" cb="0"/><line nr="128" mi="0" ci="3" mb="0" cb="0"/><line nr="129" mi="0" ci="8" mb="0" cb="0"/><line nr="132" mi="0" ci="4" mb="0" cb="0"/><line nr="133" mi="0" ci="9" mb="0" cb="0"/><line nr="136" mi="0" ci="6" mb="0" cb="0"/><line nr="137" mi="0" ci="6" mb="0" cb="0"/><line nr="141" mi="0" ci="8" mb="0" cb="0"/><line nr="142" mi="0" ci="10" mb="0" cb="0"/><line nr="143" mi="0" ci="10" mb="0" cb="0"/><line nr="144" mi="0" ci="7" mb="0" cb="0"/><line nr="145" mi="0" ci="9" mb="0" cb="0"/><line nr="147" mi="0" ci="2" mb="0" cb="0"/><line nr="152" mi="0" ci="6" mb="0" cb="0"/><line nr="155" mi="0" ci="3" mb="0" cb="0"/><line nr="157" mi="0" ci="10" mb="0" cb="0"/><line nr="158" mi="2" ci="0" mb="2" cb="0"/><line nr="159" mi="7" ci="0" mb="0" cb="0"/><line nr="161" mi="2" ci="0" mb="0" cb="0"/><line nr="167" mi="0" ci="3" mb="0" cb="0"/><line nr="168" mi="0" ci="3" mb="0" cb="0"/><line nr="169" mi="0" ci="5" mb="0" cb="0"/><line nr="170" mi="0" ci="6" mb="0" cb="0"/><line nr="171" mi="0" ci="4" mb="0" cb="0"/><line nr="172" mi="0" ci="5" mb="0" cb="0"/><line nr="173" mi="0" ci="7" mb="0" cb="0"/><line nr="174" mi="0" ci="5" mb="0" cb="0"/><line nr="176" mi="0" ci="5" mb="0" cb="0"/><line nr="177" mi="0" ci="5" mb="0" cb="0"/><line nr="178" mi="0" ci="5" mb="0" cb="0"/><line nr="179" mi="0" ci="8" mb="0" cb="0"/><line nr="183" mi="0" ci="4" mb="0" cb="0"/><line nr="184" mi="0" ci="4" mb="0" cb="0"/><line nr="185" mi="0" ci="4" mb="0" cb="0"/><line nr="191" mi="0" ci="2" mb="0" cb="0"/><line nr="192" mi="0" ci="6" mb="0" cb="0"/><line nr="197" mi="0" ci="2" mb="0" cb="0"/><line nr="198" mi="0" ci="10" mb="0" cb="2"/><line nr="199" mi="0" ci="8" mb="0" cb="4"/><line nr="200" mi="0" ci="2" mb="0" cb="0"/><line nr="202" mi="0" ci="1" mb="0" cb="0"/><line nr="203" mi="0" ci="2" mb="1" cb="1"/><line nr="204" mi="0" ci="11" mb="0" cb="0"/><line nr="206" mi="0" ci="6" mb="0" cb="0"/><line nr="207" mi="0" ci="3" mb="0" cb="0"/><line nr="209" mi="0" ci="1" mb="0" cb="0"/><counter type="INSTRUCTION" missed="11" covered="346"/><counter type="BRANCH" missed="3" covered="7"/><counter type="LINE" missed="3" covered="68"/><counter type="COMPLEXITY" missed="3" covered="13"/><counter type="METHOD" missed="1" covered="10"/><counter type="CLASS" missed="0" covered="1"/></sourcefile><sourcefile name="DatabaseConfig.java"><line nr="19" mi="2" ci="0" mb="0" cb="0"/><line nr="20" mi="3" ci="0" mb="0" cb="0"/><line nr="21" mi="3" ci="0" mb="0" cb="0"/><line nr="22" mi="3" ci="0" mb="0" cb="0"/><line nr="23" mi="3" ci="0" mb="0" cb="0"/><line nr="24" mi="1" ci="0" mb="0" cb="0"/><line nr="28" mi="5" ci="0" mb="0" cb="0"/><line nr="29" mi="4" ci="0" mb="0" cb="0"/><line nr="30" mi="4" ci="0" mb="0" cb="0"/><line nr="31" mi="4" ci="0" mb="0" cb="0"/><line nr="32" mi="8" ci="0" mb="0" cb="0"/><line nr="37" mi="3" ci="0" mb="0" cb="0"/><line nr="38" mi="5" ci="0" mb="4" cb="0"/><line nr="39" mi="3" ci="0" mb="0" cb="0"/><line nr="41" mi="9" ci="0" mb="4" cb="0"/><line nr="45" mi="3" ci="0" mb="0" cb="0"/><line nr="49" mi="3" ci="0" mb="0" cb="0"/><line nr="53" mi="3" ci="0" mb="0" cb="0"/><line nr="57" mi="3" ci="0" mb="0" cb="0"/><counter type="INSTRUCTION" missed="72" covered="0"/><counter type="BRANCH" missed="8" covered="0"/><counter type="LINE" missed="19" covered="0"/><counter type="COMPLEXITY" missed="11" covered="0"/><counter type="METHOD" missed="7" covered="0"/><counter type="CLASS" missed="1" covered="0"/></sourcefile><sourcefile name="MissionReportEntry.java"><line nr="23" mi="2" ci="0" mb="0" cb="0"/><line nr="25" mi="3" ci="0" mb="0" cb="0"/><line nr="26" mi="3" ci="0" mb="0" cb="0"/><line nr="27" mi="3" ci="0" mb="0" cb="0"/><line nr="28" mi="3" ci="0" mb="0" cb="0"/><line nr="29" mi="3" ci="0" mb="0" cb="0"/><line nr="30" mi="1" ci="0" mb="0" cb="0"/><line nr="33" mi="3" ci="0" mb="0" cb="0"/><line nr="37" mi="3" ci="0" mb="0" cb="0"/><line nr="41" mi="3" ci="0" mb="0" cb="0"/><line nr="45" mi="3" ci="0" mb="0" cb="0"/><line nr="49" mi="3" ci="0" mb="0" cb="0"/><counter type="INSTRUCTION" missed="33" covered="0"/><counter type="LINE" missed="12" covered="0"/><counter type="COMPLEXITY" missed="6" covered="0"/><counter type="METHOD" missed="6" covered="0"/><counter type="CLASS" missed="1" covered="0"/></sourcefile><sourcefile name="SimulationListener.java"/><sourcefile name="MissionPhaseTimeline.java"><line nr="39" mi="0" ci="2" mb="0" cb="0"/><line nr="40" mi="0" ci="3" mb="0" cb="0"/><line nr="41" mi="0" ci="3" mb="0" cb="0"/><line nr="42" mi="0" ci="3" mb="0" cb="0"/><line nr="43" mi="0" ci="3" mb="0" cb="0"/><line nr="44" mi="0" ci="3" mb="0" cb="0"/><line nr="45" mi="0" ci="3" mb="0" cb="0"/><line nr="46" mi="0" ci="3" mb="0" cb="0"/><line nr="47" mi="0" ci="3" mb="0" cb="0"/><line nr="48" mi="0" ci="3" mb="0" cb="0"/><line nr="49" mi="0" ci="1" mb="0" cb="0"/><line nr="53" mi="0" ci="7" mb="2" cb="2"/><line nr="54" mi="5" ci="0" mb="0" cb="0"/><line nr="57" mi="0" ci="3" mb="0" cb="0"/><line nr="58" mi="0" ci="3" mb="0" cb="0"/><line nr="59" mi="0" ci="4" mb="0" cb="0"/><line nr="60" mi="0" ci="5" mb="0" cb="0"/><line nr="61" mi="0" ci="4" mb="0" cb="0"/><line nr="62" mi="0" ci="4" mb="0" cb="0"/><line nr="64" mi="0" ci="6" mb="0" cb="0"/><line nr="65" mi="0" ci="6" mb="0" cb="0"/><line nr="66" mi="0" ci="8" mb="0" cb="0"/><line nr="67" mi="0" ci="8" mb="0" cb="0"/><line nr="68" mi="0" ci="8" mb="0" cb="0"/><line nr="69" mi="0" ci="8" mb="0" cb="0"/><line nr="70" mi="0" ci="11" mb="0" cb="0"/><line nr="72" mi="0" ci="6" mb="0" cb="0"/><line nr="73" mi="0" ci="6" mb="0" cb="0"/><line nr="74" mi="0" ci="13" mb="0" cb="0"/><line nr="88" mi="0" ci="8" mb="0" cb="0"/><line nr="89" mi="0" ci="5" mb="0" cb="2"/><line nr="90" mi="0" ci="2" mb="0" cb="0"/><line nr="92" mi="0" ci="5" mb="0" cb="2"/><line nr="93" mi="0" ci="2" mb="0" cb="0"/><line nr="95" mi="0" ci="5" mb="0" cb="2"/><line nr="96" mi="0" ci="2" mb="0" cb="0"/><line nr="98" mi="0" ci="5" mb="0" cb="2"/><line nr="99" mi="0" ci="2" mb="0" cb="0"/><line nr="101" mi="0" ci="5" mb="0" cb="2"/><line nr="102" mi="0" ci="2" mb="0" cb="0"/><line nr="104" mi="0" ci="2" mb="0" cb="0"/><line nr="109" mi="0" ci="4" mb="0" cb="0"/><line nr="110" mi="0" ci="9" mb="0" cb="0"/><line nr="111" mi="0" ci="9" mb="0" cb="0"/><line nr="112" mi="0" ci="9" mb="0" cb="0"/><line nr="113" mi="0" ci="9" mb="0" cb="0"/><line nr="114" mi="0" ci="9" mb="0" cb="0"/><line nr="115" mi="0" ci="3" mb="0" cb="0"/><line nr="119" mi="0" ci="3" mb="0" cb="0"/><line nr="123" mi="0" ci="3" mb="0" cb="0"/><line nr="127" mi="0" ci="3" mb="0" cb="0"/><line nr="131" mi="0" ci="2" mb="0" cb="0"/><line nr="132" mi="0" ci="8" mb="0" cb="2"/><line nr="133" mi="0" ci="12" mb="0" cb="2"/><line nr="134" mi="0" ci="2" mb="0" cb="0"/><line nr="137" mi="0" ci="2" mb="0" cb="0"/><line nr="145" mi="0" ci="6" mb="0" cb="0"/><line nr="146" mi="0" ci="6" mb="0" cb="0"/><line nr="147" mi="0" ci="2" mb="0" cb="0"/><line nr="148" mi="0" ci="9" mb="1" cb="1"/><line nr="149" mi="0" ci="5" mb="0" cb="0"/><line nr="150" mi="0" ci="5" mb="0" cb="2"/><line nr="151" mi="0" ci="1" mb="0" cb="0"/><line nr="153" mi="0" ci="8" mb="0" cb="0"/><line nr="154" mi="0" ci="3" mb="0" cb="0"/><line nr="155" mi="0" ci="8" mb="0" cb="0"/><line nr="156" mi="0" ci="12" mb="1" cb="5"/><line nr="159" mi="0" ci="2" mb="0" cb="0"/><line nr="162" mi="0" ci="2" mb="1" cb="1"/><line nr="163" mi="0" ci="2" mb="0" cb="0"/><line nr="166" mi="9" ci="0" mb="0" cb="0"/><line nr="167" mi="7" ci="0" mb="2" cb="0"/><line nr="168" mi="12" ci="0" mb="2" cb="0"/><line nr="169" mi="2" ci="0" mb="0" cb="0"/><line nr="172" mi="2" ci="0" mb="0" cb="0"/><line nr="179" mi="0" ci="9" mb="1" cb="1"/><line nr="180" mi="0" ci="8" mb="0" cb="2"/><line nr="181" mi="0" ci="2" mb="0" cb="0"/><line nr="184" mi="2" ci="0" mb="0" cb="0"/><line nr="188" mi="0" ci="8" mb="1" cb="1"/><line nr="189" mi="0" ci="8" mb="0" cb="2"/><line nr="190" mi="0" ci="2" mb="0" cb="0"/><line nr="193" mi="5" ci="0" mb="0" cb="0"/><line nr="197" mi="0" ci="10" mb="1" cb="1"/><line nr="198" mi="0" ci="8" mb="0" cb="2"/><line nr="199" mi="0" ci="2" mb="0" cb="0"/><line nr="202" mi="5" ci="0" mb="0" cb="0"/><line nr="206" mi="0" ci="3" mb="0" cb="0"/><line nr="207" mi="0" ci="9" mb="0" cb="0"/><line nr="208" mi="0" ci="9" mb="0" cb="0"/><line nr="209" mi="0" ci="9" mb="0" cb="0"/><line nr="210" mi="0" ci="9" mb="0" cb="0"/><line nr="211" mi="0" ci="9" mb="0" cb="0"/><line nr="212" mi="0" ci="9" mb="0" cb="0"/><line nr="218" mi="0" ci="4" mb="0" cb="0"/><line nr="219" mi="0" ci="3" mb="0" cb="0"/><line nr="220" mi="0" ci="3" mb="0" cb="0"/><line nr="221" mi="0" ci="3" mb="0" cb="0"/><line nr="222" mi="0" ci="1" mb="0" cb="0"/><line nr="225" mi="3" ci="0" mb="0" cb="0"/><line nr="229" mi="3" ci="0" mb="0" cb="0"/><line nr="233" mi="0" ci="3" mb="0" cb="0"/><line nr="237" mi="0" ci="9" mb="0" cb="0"/><counter type="INSTRUCTION" missed="55" covered="483"/><counter type="BRANCH" missed="12" covered="34"/><counter type="LINE" missed="11" covered="92"/><counter type="COMPLEXITY" missed="12" covered="29"/><counter type="METHOD" missed="2" covered="16"/><counter type="CLASS" missed="0" covered="3"/></sourcefile><sourcefile name="AetherRepository.java"/><sourcefile name="MissionLogger.java"><line nr="21" mi="0" ci="2" mb="0" cb="0"/><line nr="26" mi="0" ci="5" mb="0" cb="0"/><line nr="28" mi="0" ci="3" mb="0" cb="0"/><line nr="29" mi="0" ci="3" mb="0" cb="0"/><line nr="30" mi="0" ci="5" mb="0" cb="0"/><line nr="31" mi="0" ci="3" mb="0" cb="0"/><line nr="33" mi="0" ci="9" mb="0" cb="0"/><line nr="35" mi="0" ci="4" mb="0" cb="0"/><line nr="39" mi="1" ci="0" mb="0" cb="0"/><line nr="42" mi="6" ci="0" mb="0" cb="0"/><line nr="47" mi="0" ci="1" mb="0" cb="0"/><line nr="49" mi="0" ci="1" mb="0" cb="0"/><line nr="54" mi="0" ci="3" mb="1" cb="1"/><line nr="55" mi="1" ci="0" mb="0" cb="0"/><line nr="58" mi="0" ci="10" mb="0" cb="0"/><line nr="60" mi="0" ci="6" mb="0" cb="0"/><line nr="61" mi="0" ci="6" mb="0" cb="0"/><line nr="62" mi="0" ci="6" mb="0" cb="0"/><line nr="63" mi="0" ci="6" mb="0" cb="0"/><line nr="64" mi="0" ci="6" mb="0" cb="0"/><line nr="65" mi="0" ci="6" mb="0" cb="0"/><line nr="66" mi="0" ci="6" mb="0" cb="0"/><line nr="67" mi="0" ci="3" mb="0" cb="0"/><line nr="70" mi="0" ci="1" mb="0" cb="0"/><line nr="75" mi="0" ci="3" mb="1" cb="1"/><line nr="77" mi="0" ci="3" mb="0" cb="0"/><line nr="78" mi="0" ci="3" mb="0" cb="0"/><line nr="80" mi="0" ci="3" mb="0" cb="0"/><line nr="84" mi="0" ci="1" mb="0" cb="0"/><counter type="INSTRUCTION" missed="8" covered="108"/><counter type="BRANCH" missed="2" covered="2"/><counter type="LINE" missed="3" covered="26"/><counter type="COMPLEXITY" missed="2" covered="3"/><counter type="METHOD" missed="0" covered="3"/><counter type="CLASS" missed="0" covered="1"/></sourcefile><sourcefile name="OrekitInitializer.java"><line nr="23" mi="3" ci="0" mb="0" cb="0"/><line nr="32" mi="0" ci="2" mb="0" cb="2"/><line nr="33" mi="0" ci="1" mb="0" cb="0"/><line nr="37" mi="0" ci="2" mb="0" cb="0"/><line nr="39" mi="0" ci="6" mb="2" cb="2"/><line nr="40" mi="3" ci="0" mb="0" cb="0"/><line nr="41" mi="4" ci="0" mb="0" cb="0"/><line nr="46" mi="0" ci="1" mb="0" cb="0"/><line nr="47" mi="0" ci="2" mb="0" cb="0"/><line nr="49" mi="0" ci="6" mb="0" cb="0"/><line nr="53" mi="0" ci="2" mb="0" cb="0"/><line nr="54" mi="0" ci="5" mb="0" cb="0"/><line nr="56" mi="1" ci="0" mb="0" cb="0"/><line nr="57" mi="6" ci="0" mb="0" cb="0"/><line nr="61" mi="0" ci="1" mb="0" cb="0"/><line nr="62" mi="0" ci="1" mb="0" cb="0"/><line nr="66" mi="0" ci="5" mb="0" cb="0"/><line nr="67" mi="0" ci="3" mb="1" cb="1"/><line nr="68" mi="0" ci="2" mb="0" cb="0"/><line nr="71" mi="4" ci="0" mb="0" cb="0"/><line nr="72" mi="7" ci="0" mb="4" cb="0"/><line nr="73" mi="6" ci="0" mb="0" cb="0"/><line nr="76" mi="2" ci="0" mb="0" cb="0"/><counter type="INSTRUCTION" missed="36" covered="39"/><counter type="BRANCH" missed="7" covered="5"/><counter type="LINE" missed="9" covered="14"/><counter type="COMPLEXITY" missed="6" covered="3"/><counter type="METHOD" missed="1" covered="2"/><counter type="CLASS" missed="0" covered="1"/></sourcefile><sourcefile name="MissionTrajectory.java"><line nr="23" mi="0" ci="2" mb="0" cb="0"/><line nr="25" mi="0" ci="7" mb="0" cb="0"/><line nr="26" mi="0" ci="7" mb="0" cb="0"/><line nr="27" mi="0" ci="3" mb="0" cb="0"/><line nr="28" mi="0" ci="1" mb="0" cb="0"/><line nr="31" mi="0" ci="3" mb="0" cb="0"/><line nr="35" mi="0" ci="3" mb="0" cb="0"/><line nr="39" mi="0" ci="3" mb="0" cb="0"/><line nr="44" mi="2" ci="14" mb="1" cb="1"/><line nr="49" mi="0" ci="3" mb="0" cb="0"/><line nr="50" mi="2" ci="5" mb="1" cb="1"/><counter type="INSTRUCTION" missed="4" covered="51"/><counter type="BRANCH" missed="2" covered="2"/><counter type="LINE" missed="0" covered="11"/><counter type="COMPLEXITY" missed="2" covered="6"/><counter type="METHOD" missed="0" covered="6"/><counter type="CLASS" missed="0" covered="1"/></sourcefile><sourcefile name="RepositoryFactory.java"><line nr="16" mi="2" ci="0" mb="0" cb="0"/><line nr="17" mi="3" ci="0" mb="2" cb="0"/><line nr="18" mi="5" ci="0" mb="0" cb="0"/><line nr="22" mi="5" ci="0" mb="0" cb="0"/><line nr="23" mi="3" ci="0" mb="2" cb="0"/><line nr="24" mi="2" ci="0" mb="0" cb="0"/><line nr="26" mi="5" ci="0" mb="0" cb="0"/><line nr="27" mi="1" ci="0" mb="0" cb="0"/><line nr="28" mi="6" ci="0" mb="0" cb="0"/><counter type="INSTRUCTION" missed="32" covered="0"/><counter type="BRANCH" missed="4" covered="0"/><counter type="LINE" missed="9" covered="0"/><counter type="COMPLEXITY" missed="3" covered="0"/><counter type="METHOD" missed="1" covered="0"/><counter type="CLASS" missed="1" covered="0"/></sourcefile><sourcefile name="TelemetryViewModel.java"><line nr="23" mi="0" ci="2" mb="0" cb="0"/><line nr="24" mi="0" ci="3" mb="0" cb="0"/><line nr="25" mi="0" ci="3" mb="0" cb="0"/><line nr="26" mi="0" ci="3" mb="0" cb="0"/><line nr="27" mi="0" ci="3" mb="0" cb="0"/><line nr="28" mi="0" ci="1" mb="0" cb="0"/><line nr="37" mi="0" ci="4" mb="0" cb="0"/><line nr="38" mi="0" ci="10" mb="0" cb="0"/><line nr="39" mi="0" ci="11" mb="0" cb="0"/><line nr="40" mi="0" ci="11" mb="0" cb="0"/><line nr="41" mi="0" ci="5" mb="0" cb="0"/><line nr="46" mi="0" ci="3" mb="0" cb="0"/><line nr="50" mi="0" ci="3" mb="0" cb="0"/><line nr="54" mi="0" ci="3" mb="0" cb="0"/><line nr="58" mi="0" ci="3" mb="0" cb="0"/><line nr="62" mi="0" ci="4" mb="0" cb="0"/><line nr="63" mi="0" ci="6" mb="0" cb="0"/><line nr="64" mi="0" ci="4" mb="0" cb="0"/><line nr="65" mi="0" ci="21" mb="0" cb="0"/><counter type="INSTRUCTION" missed="0" covered="103"/><counter type="LINE" missed="0" covered="19"/><counter type="COMPLEXITY" missed="0" covered="7"/><counter type="METHOD" missed="0" covered="7"/><counter type="CLASS" missed="0" covered="1"/></sourcefile><counter type="INSTRUCTION" missed="1439" covered="3650"/><counter type="BRANCH" missed="146" covered="188"/><counter type="LINE" missed="326" covered="718"/><counter type="COMPLEXITY" missed="183" covered="206"/><counter type="METHOD" missed="72" covered="150"/><counter type="CLASS" missed="4" covered="18"/></package><counter type="INSTRUCTION" missed="1439" covered="3650"/><counter type="BRANCH" missed="146" covered="188"/><counter type="LINE" missed="326" covered="718"/><counter type="COMPLEXITY" missed="183" covered="206"/><counter type="METHOD" missed="72" covered="150"/><counter type="CLASS" missed="4" covered="18"/></report>