<?xml version="1.0" encoding="UTF-8"?>
<testsuite name="com.example.demoaether.MissionMap3DVisualTest" tests="1" skipped="0" failures="0" errors="0" timestamp="2026-08-09T16:37:34.903Z" hostname="PAM" time="2.495">
  <properties/>
  <testcase name="mapSnapshotContainsBodiesStarsAndTrajectoryColors()" classname="com.example.demoaether.MissionMap3DVisualTest" time="2.495"/>
  <system-out><![CDATA[Orekit inicializado correctamente desde: C:\Users\pamii\OneDrive\Desktop\Aether2.0\src\main\resources\orekit-data
]]></system-out>
  <system-err><![CDATA[]]></system-err>
</testsuite>
